1308679279.02 00:03:52:8f:73:00 -71
1308679279.02 00:80:48:51:e8:52 -84
1308679279.02 40:4a:03:de:74:a0 -82
1308679279.02 00:1a:70:f0:9c:4f -55
1308679279.02 40:4a:03:de:cd:fe -80
1308679279.02 00:24:7b:10:ee:60 -86
1308679279.02 00:80:48:51:e8:74 -82
1308679279.02 00:03:52:8b:5f:60 -80
1308679279.02 00:03:52:8b:24:c0 -40
1308679282.14 00:24:7b:10:ee:60 -86
1308679282.14 00:80:48:51:e8:52 -84
1308679282.14 00:03:52:8f:73:00 -71
1308679282.14 00:03:52:8b:85:00 -74
1308679282.14 40:4a:03:de:74:a0 -81
1308679282.14 00:1a:70:f0:9c:4f -64
1308679282.14 40:4a:03:de:cd:fe -86
1308679282.14 00:80:48:51:e8:74 -75
1308679282.14 00:03:52:94:5d:80 -85
1308679282.14 00:03:52:8b:24:c0 -41
1308679282.14 00:03:52:8b:5f:60 -79
1308679285.25 00:24:7b:10:ee:60 -86
1308679285.25 00:80:48:51:e8:52 -84
1308679285.25 00:03:52:8f:73:00 -71
1308679285.25 00:03:52:8b:5f:60 -79
1308679285.25 00:03:52:94:5d:80 -85
1308679285.25 40:4a:03:de:74:a0 -81
1308679285.25 00:03:52:8b:85:00 -65
1308679285.25 00:1a:70:f0:9c:4f -53
1308679285.25 00:03:52:8b:2a:60 -85
1308679285.25 00:80:48:51:e8:74 -81
1308679285.25 40:4a:03:de:cd:fe -84
1308679285.25 00:03:52:8b:24:c0 -49
1308679285.25 1e:a1:e7:08:c2:b8 -88
1308679288.37 00:24:7b:10:ee:60 -86
1308679288.37 00:80:48:51:e8:52 -84
1308679288.37 00:03:52:8f:73:00 -71
1308679288.37 40:4a:03:de:74:a0 -81
1308679288.37 00:03:52:8b:85:00 -58
1308679288.37 00:1a:70:f0:9c:4f -54
1308679288.37 00:03:52:8b:2a:60 -84
1308679288.37 00:80:48:51:e8:74 -76
1308679288.37 40:4a:03:de:cd:fe -81
1308679288.37 00:03:52:94:5d:80 -79
1308679288.37 00:03:52:8b:5f:60 -65
1308679288.37 00:03:52:8b:24:c0 -55
1308679288.37 1e:a1:e7:08:c2:b8 -76
1308679291.5 00:24:7b:10:ee:60 -86
1308679291.5 00:03:52:8f:73:00 -71
1308679291.5 40:4a:03:de:74:a0 -81
1308679291.5 40:4a:03:de:cd:fe -81
1308679291.5 00:80:48:51:e8:52 -83
1308679291.5 00:03:52:8b:85:00 -53
1308679291.5 00:1a:70:f0:9c:4f -53
1308679291.5 00:03:52:8b:2a:60 -77
1308679291.5 00:80:48:51:e8:74 -72
1308679291.5 00:03:52:8b:5f:60 -61
1308679291.5 00:03:52:94:5d:80 -76
1308679291.5 00:03:52:8b:24:c0 -66
1308679291.5 1e:a1:e7:08:c2:b8 -73
1308679294.61 00:24:7b:10:ee:60 -86
1308679294.61 00:03:52:8f:73:00 -71
1308679294.61 40:4a:03:de:74:a0 -81
1308679294.61 40:4a:03:de:cd:fe -81
1308679294.61 00:03:52:8b:85:00 -47
1308679294.61 00:80:48:51:e8:52 -85
1308679294.61 00:1a:70:f0:9c:4f -48
1308679294.61 00:03:52:8b:2a:60 -70
1308679294.61 00:80:48:51:e8:74 -63
1308679294.61 00:03:52:8b:24:c0 -68
1308679294.61 00:03:52:8b:5f:60 -51
1308679294.61 00:03:52:94:5d:80 -70
1308679294.61 1e:a1:e7:08:c2:b8 -71
1308679297.81 00:24:7b:10:ee:60 -86
1308679297.81 00:03:52:8f:73:00 -71
1308679297.81 40:4a:03:de:74:a0 -81
1308679297.81 40:4a:03:de:cd:fe -81
1308679297.81 00:80:48:51:e8:52 -85
1308679297.81 00:03:52:8b:85:00 -55
1308679297.81 00:1a:70:f0:9c:4f -56
1308679297.81 00:03:52:8b:2a:60 -72
1308679297.81 00:80:48:51:e8:74 -63
1308679297.81 00:03:52:8b:5f:60 -42
1308679297.81 00:03:52:94:5d:80 -70
1308679297.81 00:03:52:8b:24:c0 -72
1308679297.81 1e:a1:e7:08:c2:b8 -71
1308679300.97 00:24:7b:10:ee:60 -86
1308679300.97 00:03:52:8f:73:00 -71
1308679300.97 40:4a:03:de:74:a0 -81
1308679300.97 00:80:48:51:e8:52 -85
1308679300.97 00:03:52:8b:87:20 -71
1308679300.97 00:03:52:8b:85:00 -33
1308679300.97 00:1a:70:f0:9c:4f -63
1308679300.97 00:03:52:8b:8d:10 -77
1308679300.97 00:03:52:8b:2a:60 -70
1308679300.97 40:4a:03:de:cd:fe -79
1308679300.97 00:80:48:51:e8:74 -64
1308679300.97 00:03:52:94:5d:80 -71
1308679300.97 00:03:52:8b:5f:60 -49
1308679300.97 00:03:52:8b:24:c0 -69
1308679300.97 1e:a1:e7:08:c2:b8 -69
1308679304.11 00:24:7b:10:ee:60 -86
1308679304.11 00:03:52:8f:73:00 -71
1308679304.11 00:03:52:8b:87:20 -75
1308679304.11 00:03:52:8b:8c:e0 -85
1308679304.11 00:80:48:51:e8:52 -81
1308679304.11 40:4a:03:de:74:a0 -75
1308679304.11 00:03:52:8b:85:00 -45
1308679304.11 00:03:52:8b:8d:10 -71
1308679304.11 00:1a:70:f0:9c:4f -42
1308679304.11 00:03:52:8b:2a:60 -66
1308679304.11 00:80:48:51:e8:74 -63
1308679304.11 40:4a:03:de:cd:fe -71
1308679304.11 00:03:52:8b:5f:60 -47
1308679304.11 00:03:52:94:5d:80 -54
1308679304.11 00:03:52:8b:24:c0 -65
1308679304.11 1e:a1:e7:08:c2:b8 -68
1308679307.33 00:24:7b:10:ee:60 -86
1308679307.33 00:03:52:8f:73:00 -71
1308679307.33 40:4a:03:de:cd:fe -71
1308679307.33 00:03:52:8b:8c:e0 -85
1308679307.33 00:80:48:51:e8:52 -84
1308679307.33 40:4a:03:de:74:a0 -70
1308679307.33 00:03:52:8b:85:00 -46
1308679307.33 00:03:52:8b:8d:10 -82
1308679307.33 00:1a:70:f0:9c:4f -54
1308679307.33 00:03:52:8b:2a:60 -73
1308679307.33 00:80:48:51:e8:74 -59
1308679307.33 00:03:52:8b:87:20 -80
1308679307.33 00:03:52:8b:24:c0 -65
1308679307.33 00:03:52:8b:5f:60 -52
1308679307.33 00:03:52:94:5d:80 -72
1308679307.33 1e:a1:e7:08:c2:b8 -71
1308679310.45 00:24:7b:10:ee:60 -86
1308679310.45 00:03:52:8f:73:00 -71
1308679310.45 00:03:52:8b:87:20 -80
1308679310.45 00:03:52:8b:8d:10 -82
1308679310.45 00:03:52:8b:8c:e0 -87
1308679310.45 00:80:48:51:e8:52 -83
1308679310.45 00:03:52:8b:85:00 -58
1308679310.45 40:4a:03:de:74:a0 -76
1308679310.45 00:1a:70:f0:9c:4f -48
1308679310.45 00:03:52:8b:2a:60 -75
1308679310.45 00:80:48:51:e8:74 -71
1308679310.45 40:4a:03:de:cd:fe -72
1308679310.45 00:03:52:8b:24:c0 -61
1308679310.45 00:03:52:8b:5f:60 -53
1308679310.45 00:03:52:94:5d:80 -67
1308679310.45 1e:a1:e7:08:c2:b8 -80
1308679313.57 00:24:7b:10:ee:60 -86
1308679313.57 00:03:52:8f:73:00 -71
1308679313.57 00:03:52:8b:87:20 -80
1308679313.57 00:03:52:8b:8d:10 -82
1308679313.57 00:80:48:51:e8:74 -71
1308679313.57 00:03:52:8b:2a:60 -75
1308679313.57 00:80:48:51:e8:52 -83
1308679313.57 00:03:52:8b:8c:e0 -87
1308679313.57 00:03:52:8b:85:00 -64
1308679313.57 40:4a:03:de:74:a0 -71
1308679313.57 00:1a:70:f0:9c:4f -51
1308679313.57 40:4a:03:de:cd:fe -67
1308679313.57 00:03:52:94:5d:80 -71
1308679313.57 00:03:52:8b:5f:60 -70
1308679313.57 00:03:52:8b:24:c0 -57
1308679313.57 1e:a1:e7:08:c2:b8 -81
1308679316.69 00:24:7b:10:ee:60 -86
1308679316.69 00:03:52:8b:87:20 -80
1308679316.69 00:80:48:51:e8:52 -83
1308679316.69 00:03:52:8b:8c:e0 -87
1308679316.69 00:03:52:94:5d:80 -71
1308679316.69 00:03:52:8b:85:00 -60
1308679316.69 00:03:52:8f:73:00 -67
1308679316.69 40:4a:03:de:74:a0 -70
1308679316.69 00:03:52:8b:8d:10 -88
1308679316.69 00:1a:70:f0:9c:4f -53
1308679316.69 00:03:52:8b:2a:60 -91
1308679316.69 40:4a:03:de:cd:fe -68
1308679316.69 00:03:52:8b:2e:a0 -87
1308679316.69 00:80:48:51:e8:74 -78
1308679316.69 00:03:52:8b:5f:60 -71
1308679316.69 00:03:52:8b:24:c0 -48
1308679316.69 1e:a1:e7:08:c2:b8 -84
1308679319.81 00:24:7b:10:ee:60 -86
1308679319.81 00:03:52:8b:87:20 -80
1308679319.81 00:80:48:51:e8:52 -83
1308679319.81 00:03:52:8b:2e:a0 -87
1308679319.81 00:03:52:8b:8d:10 -88
1308679319.81 00:03:52:8b:8c:e0 -83
1308679319.81 00:03:52:8b:85:00 -74
1308679319.81 00:03:52:8f:73:00 -63
1308679319.81 40:4a:03:de:74:a0 -65
1308679319.81 00:1a:70:f0:9c:4f -64
1308679319.81 00:03:52:8b:2a:60 -88
1308679319.81 00:80:48:51:e8:74 -84
1308679319.81 40:4a:03:de:cd:fe -62
1308679319.81 00:03:52:8a:e8:70 -89
1308679319.81 00:03:52:94:5d:80 -78
1308679319.81 00:03:52:8b:5f:60 -79
1308679319.81 00:03:52:8b:24:c0 -46
1308679319.81 1e:a1:e7:08:c2:b8 -86
1308679322.93 00:24:7b:10:ee:60 -86
1308679322.93 00:03:52:8b:87:20 -80
1308679322.93 00:80:48:51:e8:52 -83
1308679322.93 00:03:52:8b:2e:a0 -87
1308679322.93 00:03:52:8b:8d:10 -88
1308679322.93 00:03:52:8a:e8:70 -89
1308679322.93 00:80:48:51:e8:74 -84
1308679322.93 00:03:52:8b:2a:60 -88
1308679322.93 00:03:52:8b:8c:e0 -83
1308679322.93 00:03:52:8b:85:00 -82
1308679322.93 00:03:52:8f:73:00 -69
1308679322.93 00:1a:70:f0:9c:4f -77
1308679322.93 40:4a:03:de:74:a0 -67
1308679322.93 40:4a:03:de:cd:fe -64
1308679322.93 00:03:52:8b:5f:60 -84
1308679322.93 00:03:52:94:5d:80 -75
1308679322.93 00:03:52:8b:24:c0 -58
1308679322.93 1e:a1:e7:08:c2:b8 -86
1308679326.05 00:24:7b:10:ee:60 -86
1308679326.05 00:03:52:8b:87:20 -80
1308679326.05 00:80:48:51:e8:52 -83
1308679326.05 00:03:52:8b:2e:a0 -87
1308679326.05 00:03:52:8a:e8:70 -89
1308679326.05 00:80:48:51:e8:74 -84
1308679326.05 00:03:52:8b:8c:e0 -85
1308679326.05 00:03:52:8b:85:00 -81
1308679326.05 00:03:52:8f:73:00 -76
1308679326.05 40:4a:03:de:74:a0 -65
1308679326.05 00:03:52:8b:8d:10 -85
1308679326.05 00:1a:70:f0:9c:4f -74
1308679326.05 00:03:52:8b:2a:60 -90
1308679326.05 40:4a:03:de:cd:fe -60
1308679326.05 00:03:52:94:5d:80 -79
1308679326.05 00:03:52:8b:5f:60 -86
1308679326.05 00:03:52:8b:24:c0 -63
1308679326.05 1e:a1:e7:08:c2:b8 -86
1308679329.16 00:24:7b:10:ee:60 -86
1308679329.16 00:03:52:8b:87:20 -80
1308679329.16 00:80:48:51:e8:52 -83
1308679329.16 00:80:48:51:e8:74 -84
1308679329.16 00:03:52:8b:5f:60 -86
1308679329.16 00:03:52:94:5d:80 -79
1308679329.16 00:03:52:8b:2a:60 -90
1308679329.16 00:03:52:8b:85:00 -81
1308679329.16 00:03:52:8b:87:50 -88
1308679329.16 00:03:52:8b:8c:e0 -84
1308679329.16 00:03:52:8f:73:00 -52
1308679329.16 40:4a:03:de:74:a0 -61
1308679329.16 00:03:52:8b:8d:10 -75
1308679329.16 00:1a:70:f0:9c:4f -78
1308679329.16 00:03:52:8b:2e:a0 -84
1308679329.16 40:4a:03:de:cd:fe -55
1308679329.16 00:03:52:8a:e8:70 -86
1308679329.16 00:03:52:8b:24:c0 -68
1308679329.16 1e:a1:e7:08:c2:b8 -86
1308679332.27 00:24:7b:10:ee:60 -86
1308679332.27 00:03:52:8b:87:20 -80
1308679332.27 00:80:48:51:e8:52 -83
1308679332.27 00:80:48:51:e8:74 -84
1308679332.27 00:03:52:8b:5f:60 -86
1308679332.27 00:03:52:94:5d:80 -79
1308679332.27 00:03:52:8b:2a:60 -90
1308679332.27 00:03:52:8b:8c:e0 -84
1308679332.27 00:03:52:8b:87:50 -88
1308679332.27 00:03:52:8b:85:00 -85
1308679332.27 00:03:52:8f:73:00 -47
1308679332.27 40:4a:03:de:74:a0 -58
1308679332.27 00:1a:70:f0:9c:4f -82
1308679332.27 00:03:52:8b:8d:10 -79
1308679332.27 00:03:52:8b:2c:e0 -86
1308679332.27 40:4a:03:de:cd:fe -57
1308679332.27 00:03:52:8b:2e:a0 -72
1308679332.27 00:03:52:8a:e8:70 -84
1308679332.27 00:03:52:8b:24:c0 -67
1308679332.27 1e:a1:e7:08:c2:b8 -86
1308679335.4 00:24:7b:10:ee:60 -86
1308679335.4 00:03:52:8b:87:20 -80
1308679335.4 00:80:48:51:e8:52 -83
1308679335.4 00:80:48:51:e8:74 -84
1308679335.4 00:03:52:8b:5f:60 -86
1308679335.4 00:03:52:94:5d:80 -79
1308679335.4 00:03:52:8b:87:50 -88
1308679335.4 00:03:52:8b:2c:e0 -86
1308679335.4 00:03:52:8b:85:00 -85
1308679335.4 00:03:52:8b:8c:e0 -74
1308679335.4 00:03:52:8f:73:00 -47
1308679335.4 00:1a:70:f0:9c:4f -76
1308679335.4 40:4a:03:de:74:a0 -53
1308679335.4 00:03:52:8b:8d:10 -84
1308679335.4 00:03:52:8b:2a:60 -89
1308679335.4 00:03:52:8b:2e:a0 -78
1308679335.4 40:4a:03:de:cd:fe -54
1308679335.4 00:03:52:8a:e8:70 -87
1308679335.4 00:03:52:8b:24:c0 -69
1308679335.4 1e:a1:e7:08:c2:b8 -86
1308679338.53 00:24:7b:10:ee:60 -86
1308679338.53 00:03:52:8b:87:20 -80
1308679338.53 00:80:48:51:e8:52 -83
1308679338.53 00:80:48:51:e8:74 -84
1308679338.53 00:03:52:8b:5f:60 -86
1308679338.53 00:03:52:94:5d:80 -79
1308679338.53 00:03:52:8b:2c:e0 -86
1308679338.53 00:03:52:8b:85:00 -85
1308679338.53 00:03:52:8b:87:50 -84
1308679338.53 00:03:52:8b:8c:e0 -75
1308679338.53 00:03:52:8f:73:00 -45
1308679338.53 00:1a:70:f0:9c:4f -84
1308679338.53 00:03:52:8b:8d:10 -82
1308679338.53 40:4a:03:de:74:a0 -49
1308679338.53 00:03:52:8b:2a:60 -89
1308679338.53 00:03:52:8b:8b:60 -86
1308679338.53 00:03:52:8b:2e:a0 -69
1308679338.53 40:4a:03:de:cd:fe -51
1308679338.53 00:03:52:8a:e8:70 -75
1308679338.53 00:03:52:8b:24:c0 -70
1308679338.53 1e:a1:e7:08:c2:b8 -86
1308679341.72 00:03:52:8b:87:20 -80
1308679341.72 00:80:48:51:e8:52 -83
1308679341.72 00:80:48:51:e8:74 -84
1308679341.72 00:03:52:8b:5f:60 -86
1308679341.72 00:03:52:94:5d:80 -79
1308679341.72 00:03:52:8b:2c:e0 -86
1308679341.72 00:03:52:8b:85:00 -85
1308679341.72 00:03:52:8b:8b:60 -86
1308679341.72 00:03:52:8b:2a:60 -89
1308679341.72 00:03:52:8b:8d:10 -82
1308679341.72 00:03:52:8b:87:50 -84
1308679341.72 00:03:52:8b:8c:e0 -69
1308679341.72 00:03:52:8f:73:00 -40
1308679341.72 00:1a:70:f0:9c:4f -86
1308679341.72 40:4a:03:de:74:a0 -55
1308679341.72 00:1e:e5:f7:29:df -81
1308679341.72 00:03:52:8b:2e:a0 -71
1308679341.72 40:4a:03:de:cd:fe -48
1308679341.72 00:03:52:8a:e8:70 -83
1308679341.72 00:03:52:8b:24:c0 -85
1308679341.72 1e:a1:e7:08:c2:b8 -86
1308679344.89 00:03:52:8b:87:20 -80
1308679344.89 00:80:48:51:e8:52 -83
1308679344.89 00:80:48:51:e8:74 -84
1308679344.89 00:03:52:8b:5f:60 -86
1308679344.89 00:03:52:94:5d:80 -79
1308679344.89 00:03:52:8b:85:00 -85
1308679344.89 00:03:52:8b:8b:60 -86
1308679344.89 00:03:52:8b:2a:60 -89
1308679344.89 00:1e:e5:f7:29:df -81
1308679344.89 00:1a:70:f0:9c:4f -86
1308679344.89 00:03:52:8b:87:50 -84
1308679344.89 00:03:52:8b:8c:e0 -68
1308679344.89 00:03:52:8f:73:00 -47
1308679344.89 40:4a:03:de:74:a0 -64
1308679344.89 00:03:52:8b:2c:e0 -84
1308679344.89 00:03:52:8b:8d:10 -80
1308679344.89 00:03:52:8b:2e:a0 -70
1308679344.89 40:4a:03:de:cd:fe -61
1308679344.89 00:03:52:8b:24:c0 -81
1308679344.89 00:03:52:8a:e8:70 -80
1308679344.89 1e:a1:e7:08:c2:b8 -86
1308679348.07 00:03:52:8b:87:20 -80
1308679348.07 00:80:48:51:e8:52 -83
1308679348.07 00:80:48:51:e8:74 -84
1308679348.07 00:03:52:8b:5f:60 -86
1308679348.07 00:03:52:8b:85:00 -85
1308679348.07 00:03:52:8b:8b:60 -86
1308679348.07 00:1a:70:f0:9c:4f -86
1308679348.07 00:03:52:8b:2c:e0 -84
1308679348.07 00:03:52:8b:87:50 -79
1308679348.07 00:03:52:8b:8c:e0 -69
1308679348.07 00:03:52:8f:73:00 -47
1308679348.07 00:1e:e5:f6:f6:ed -89
1308679348.07 40:4a:03:de:74:a0 -60
1308679348.07 00:03:52:8b:8d:10 -85
1308679348.07 00:03:52:8b:24:c0 -83
1308679348.07 00:03:52:8b:2a:60 -80
1308679348.07 00:1e:e5:f7:29:df -84
1308679348.07 00:03:52:8b:2e:a0 -78
1308679348.07 40:4a:03:de:cd:fe -60
1308679348.07 00:03:52:94:5d:80 -88
1308679348.07 00:03:52:8a:e8:70 -80
1308679348.07 1e:a1:e7:08:c2:b8 -86
1308679351.41 00:80:48:51:e8:74 -84
1308679351.41 00:03:52:8b:5f:60 -86
1308679351.41 00:03:52:8b:85:00 -85
1308679351.41 00:1a:70:f0:9c:4f -86
1308679351.41 00:03:52:94:5d:80 -88
1308679351.41 00:1e:e5:f7:29:df -84
1308679351.41 40:4a:03:de:74:a0 -60
1308679351.41 00:1e:e5:f6:f6:ed -89
1308679351.41 00:03:52:8b:24:c0 -87
1308679351.41 00:03:52:8b:87:20 -81
1308679351.41 00:03:52:8b:87:50 -73
1308679351.41 00:03:52:8b:8c:e0 -67
1308679351.41 00:03:52:8f:73:00 -57
1308679351.41 00:24:01:e0:d1:7d -72
1308679351.41 00:03:52:8b:8d:10 -83
1308679351.41 00:03:52:8b:2c:e0 -79
1308679351.41 00:03:52:8b:2a:60 -73
1308679351.41 00:03:52:8b:8b:60 -70
1308679351.41 00:03:52:8b:2e:a0 -62
1308679351.41 40:4a:03:de:cd:fe -71
1308679351.41 00:03:52:8a:e8:70 -75
1308679351.41 1e:a1:e7:08:c2:b8 -86
1308679354.84 00:80:48:51:e8:74 -84
1308679354.84 00:03:52:8b:5f:60 -86
1308679354.84 00:03:52:8b:85:00 -85
1308679354.84 00:1a:70:f0:9c:4f -86
1308679354.84 00:03:52:94:5d:80 -88
1308679354.84 00:1e:e5:f7:29:df -84
1308679354.84 40:4a:03:de:74:a0 -60
1308679354.84 00:03:52:8b:8d:10 -83
1308679354.84 00:03:52:8f:73:00 -57
1308679354.84 00:03:52:8b:24:c0 -87
1308679354.84 00:03:52:8b:87:20 -75
1308679354.84 00:03:52:8b:87:50 -69
1308679354.84 00:03:52:8b:8c:e0 -74
1308679354.84 00:24:01:e0:d1:7d -74
1308679354.84 00:1e:e5:f6:f6:ed -77
1308679354.84 00:03:52:8b:2c:e0 -80
1308679354.84 00:03:52:8b:2a:60 -73
1308679354.84 00:03:52:8b:8b:60 -72
1308679354.84 00:03:52:8b:2e:a0 -71
1308679354.84 40:4a:03:de:cd:fe -72
1308679354.84 00:03:52:8a:e8:70 -69
1308679354.84 1e:a1:e7:08:c2:b8 -86
1308679358.44 00:80:48:51:e8:74 -84
1308679358.44 00:03:52:8b:5f:60 -86
1308679358.44 00:03:52:8b:85:00 -85
1308679358.44 00:1a:70:f0:9c:4f -86
1308679358.44 00:03:52:94:5d:80 -88
1308679358.44 00:1e:e5:f7:29:df -84
1308679358.44 00:03:52:8b:24:c0 -87
1308679358.44 00:1e:e5:f6:f6:ed -77
1308679358.44 00:03:52:8b:87:50 -73
1308679358.44 00:03:52:8b:87:20 -74
1308679358.44 00:03:52:8b:8c:e0 -70
1308679358.44 00:03:52:8f:73:00 -68
1308679358.44 40:4a:03:de:74:a0 -80
1308679358.44 00:24:01:e0:d1:7d -80
1308679358.44 00:03:52:8b:8d:10 -78
1308679358.44 00:03:52:8b:2c:e0 -78
1308679358.44 00:03:52:8b:2a:60 -72
1308679358.44 00:03:52:8b:8b:60 -69
1308679358.44 00:03:52:8b:2e:a0 -69
1308679358.44 40:4a:03:de:cd:fe -78
1308679358.44 00:03:52:8a:e8:70 -81
1308679358.44 1e:a1:e7:08:c2:b8 -86
1308679362.09 00:80:48:51:e8:74 -84
1308679362.09 00:03:52:8b:5f:60 -86
1308679362.09 00:03:52:8b:85:00 -85
1308679362.09 00:1a:70:f0:9c:4f -86
1308679362.09 00:03:52:94:5d:80 -88
1308679362.09 00:03:52:8b:24:c0 -87
1308679362.09 40:4a:03:de:cd:fe -78
1308679362.09 00:03:52:8b:8d:10 -78
1308679362.09 00:24:01:e0:d1:7d -80
1308679362.09 40:4a:03:de:74:a0 -80
1308679362.09 00:03:52:8b:87:50 -73
1308679362.09 00:03:52:8b:8c:e0 -83
1308679362.09 00:03:52:8f:73:00 -72
1308679362.09 00:1e:e5:f6:f6:ed -82
1308679362.09 00:1e:e5:f7:29:df -85
1308679362.09 00:03:52:8b:2c:e0 -81
1308679362.09 00:03:52:8b:2a:60 -79
1308679362.09 00:03:52:8b:8b:60 -77
1308679362.09 00:03:52:8b:2e:a0 -75
1308679362.09 00:03:52:8a:e8:70 -77
1308679362.09 00:03:52:8b:87:20 -78
1308679362.09 1e:a1:e7:08:c2:b8 -86
1308679365.63 00:80:48:51:e8:74 -84
1308679365.63 00:03:52:8b:5f:60 -86
1308679365.63 00:03:52:8b:85:00 -85
1308679365.63 00:1a:70:f0:9c:4f -86
1308679365.63 00:03:52:94:5d:80 -88
1308679365.63 00:03:52:8b:24:c0 -87
1308679365.63 40:4a:03:de:cd:fe -78
1308679365.63 40:4a:03:de:74:a0 -80
1308679365.63 00:03:52:8b:87:50 -75
1308679365.63 00:03:52:8b:8c:e0 -76
1308679365.63 00:03:52:8f:73:00 -72
1308679365.63 00:24:01:e0:d1:7d -89
1308679365.63 00:1e:e5:f6:f6:ed -88
1308679365.63 00:03:52:8b:8d:10 -73
1308679365.63 00:03:52:8b:2c:e0 -79
1308679365.63 00:1e:e5:f7:29:df -79
1308679365.63 00:03:52:8b:2a:60 -63
1308679365.63 00:03:52:8b:8b:60 -65
1308679365.63 00:03:52:8b:2e:a0 -80
1308679365.63 00:03:52:8b:87:20 -78
1308679365.63 00:03:52:8a:e8:70 -86
1308679365.63 1e:a1:e7:08:c2:b8 -85
1308679368.75 00:03:52:8b:5f:60 -86
1308679368.75 00:03:52:8b:85:00 -85
1308679368.75 00:1a:70:f0:9c:4f -86
1308679368.75 00:03:52:94:5d:80 -88
1308679368.75 00:03:52:8b:24:c0 -87
1308679368.75 40:4a:03:de:cd:fe -78
1308679368.75 00:03:52:8b:2c:e0 -79
1308679368.75 00:1e:e5:f6:f6:ed -88
1308679368.75 00:24:01:e0:d1:7d -89
1308679368.75 00:03:52:8b:87:20 -66
1308679368.75 00:03:52:8b:87:50 -76
1308679368.75 00:03:52:8b:8c:e0 -83
1308679368.75 00:03:52:8f:73:00 -80
1308679368.75 40:4a:03:de:74:a0 -88
1308679368.75 00:03:52:8b:8d:10 -73
1308679368.75 00:1e:e5:f7:29:df -76
1308679368.75 00:03:52:8b:2a:60 -62
1308679368.75 00:03:52:8b:8b:60 -65
1308679368.75 00:03:52:8b:2e:a0 -86
1308679368.75 00:03:52:8a:e8:70 -83
1308679368.75 1e:a1:e7:08:c2:b8 -90
1308679371.85 00:03:52:8b:5f:60 -86
1308679371.85 00:03:52:8b:85:00 -85
1308679371.85 00:1a:70:f0:9c:4f -86
1308679371.85 00:03:52:94:5d:80 -88
1308679371.85 00:03:52:8b:24:c0 -87
1308679371.85 40:4a:03:de:cd:fe -78
1308679371.85 00:24:01:e0:d1:7d -89
1308679371.85 00:03:52:8a:e8:70 -83
1308679371.85 00:03:52:8b:2e:a0 -86
1308679371.85 40:4a:03:de:74:a0 -88
1308679371.85 00:03:52:8b:87:20 -67
1308679371.85 00:03:52:8b:87:50 -74
1308679371.85 00:03:52:8b:8c:e0 -76
1308679371.85 00:03:52:8f:73:00 -77
1308679371.85 00:1e:e5:f6:f6:ed -69
1308679371.85 00:1e:e5:f7:29:df -77
1308679371.85 00:03:52:8b:8d:10 -72
1308679371.85 00:03:52:8b:2c:e0 -85
1308679371.85 00:03:52:8b:2a:60 -61
1308679371.85 00:03:52:8b:8b:60 -62
1308679371.85 1e:a1:e7:08:c2:b8 -90
1308679374.96 00:03:52:8b:5f:60 -86
1308679374.96 00:03:52:8b:85:00 -85
1308679374.96 00:1a:70:f0:9c:4f -86
1308679374.96 00:03:52:94:5d:80 -88
1308679374.96 00:03:52:8b:24:c0 -87
1308679374.96 40:4a:03:de:cd:fe -78
1308679374.96 00:03:52:8a:e8:70 -83
1308679374.96 40:4a:03:de:74:a0 -88
1308679374.96 00:03:52:8b:8d:10 -72
1308679374.96 00:1e:e5:f7:29:df -77
1308679374.96 00:1e:e5:f6:f6:ed -69
1308679374.96 00:03:52:8b:87:50 -72
1308679374.96 00:03:52:8b:8c:e0 -74
1308679374.96 00:03:52:8f:73:00 -76
1308679374.96 00:24:01:e0:d1:7d -84
1308679374.96 00:03:52:8b:2c:e0 -87
1308679374.96 00:03:52:8b:2a:60 -69
1308679374.96 00:03:52:8b:8b:60 -63
1308679374.96 00:03:52:8b:2e:a0 -80
1308679374.96 00:03:52:8b:87:20 -72
1308679374.96 1e:a1:e7:08:c2:b8 -85
1308679378.07 00:03:52:8b:5f:60 -86
1308679378.07 00:03:52:8b:85:00 -85
1308679378.07 00:1a:70:f0:9c:4f -86
1308679378.07 00:03:52:94:5d:80 -88
1308679378.07 00:03:52:8b:24:c0 -87
1308679378.07 00:03:52:8a:e8:70 -83
1308679378.07 40:4a:03:de:74:a0 -88
1308679378.07 00:1e:e5:f6:f6:ed -69
1308679378.07 00:24:01:e0:d1:7d -84
1308679378.07 00:03:52:8b:8c:e0 -74
1308679378.07 00:03:52:8b:87:50 -75
1308679378.07 00:03:52:8f:73:00 -70
1308679378.07 00:03:52:8b:8d:10 -75
1308679378.07 00:03:52:8b:2c:e0 -83
1308679378.07 00:1e:e5:f7:29:df -72
1308679378.07 00:03:52:8b:8b:60 -59
1308679378.07 00:03:52:8b:2a:60 -69
1308679378.07 40:4a:03:de:cd:fe -86
1308679378.07 00:03:52:8b:2e:a0 -78
1308679378.07 00:03:52:8b:87:20 -69
1308679378.07 1e:a1:e7:08:c2:b8 -86
1308679381.2 00:03:52:8b:85:00 -85
1308679381.2 00:1a:70:f0:9c:4f -86
1308679381.2 00:03:52:94:5d:80 -88
1308679381.2 00:03:52:8b:24:c0 -87
1308679381.2 40:4a:03:de:74:a0 -88
1308679381.2 40:4a:03:de:cd:fe -86
1308679381.2 00:03:52:8b:2c:e0 -83
1308679381.2 00:03:52:8b:87:50 -64
1308679381.2 00:03:52:8b:8c:e0 -69
1308679381.2 00:03:52:8f:73:00 -75
1308679381.2 00:24:01:e0:d1:7d -84
1308679381.2 00:03:52:8b:8d:10 -79
1308679381.2 00:1e:e5:f6:f6:ed -69
1308679381.2 00:1e:e5:f7:29:df -70
1308679381.2 00:03:52:8b:2a:60 -74
1308679381.2 00:03:52:8b:8b:60 -58
1308679381.2 00:03:52:8b:2e:a0 -80
1308679381.2 00:03:52:8a:e8:70 -77
1308679381.2 00:03:52:8b:87:20 -78
1308679381.2 1e:a1:e7:08:c2:b8 -86
1308679384.33 00:03:52:8b:85:00 -85
1308679384.33 00:1a:70:f0:9c:4f -86
1308679384.33 00:03:52:94:5d:80 -88
1308679384.33 00:03:52:8b:24:c0 -87
1308679384.33 40:4a:03:de:74:a0 -88
1308679384.33 00:24:01:e0:d1:7d -84
1308679384.33 00:03:52:8f:73:00 -75
1308679384.33 00:03:52:8b:8c:e0 -69
1308679384.33 00:03:52:8b:87:20 -80
1308679384.33 00:03:52:8b:87:50 -74
1308679384.33 00:03:52:8b:8d:10 -78
1308679384.33 00:03:52:8b:2c:e0 -83
1308679384.33 00:1e:e5:f6:f6:ed -70
1308679384.33 00:03:52:8b:2a:60 -74
1308679384.33 00:03:52:8b:8b:60 -51
1308679384.33 00:1e:e5:f7:29:df -69
1308679384.33 40:4a:03:de:cd:fe -80
1308679384.33 00:03:52:8b:2e:a0 -78
1308679384.33 00:03:52:8a:e8:70 -84
1308679384.33 1e:a1:e7:08:c2:b8 -86
1308679387.45 00:03:52:8b:85:00 -85
1308679387.45 00:1a:70:f0:9c:4f -86
1308679387.45 00:03:52:94:5d:80 -88
1308679387.45 00:03:52:8b:24:c0 -87
1308679387.45 40:4a:03:de:74:a0 -88
1308679387.45 00:24:01:e0:d1:7d -84
1308679387.45 40:4a:03:de:cd:fe -80
1308679387.45 00:1e:e5:f7:29:df -69
1308679387.45 00:03:52:8b:87:20 -81
1308679387.45 00:03:52:8b:87:50 -70
1308679387.45 00:03:52:8b:8c:e0 -78
1308679387.45 00:03:52:8f:73:00 -76
1308679387.45 00:03:52:8b:2c:e0 -87
1308679387.45 00:03:52:8b:8d:10 -83
1308679387.45 00:1e:e5:f6:f6:ed -67
1308679387.45 00:03:52:8b:2a:60 -80
1308679387.45 00:03:52:8b:8b:60 -56
1308679387.45 00:03:52:8b:2e:a0 -77
1308679387.45 00:03:52:8a:e8:70 -82
1308679387.45 1e:a1:e7:08:c2:b8 -86
1308679390.56 00:03:52:8b:85:00 -85
1308679390.56 00:1a:70:f0:9c:4f -86
1308679390.56 00:03:52:94:5d:80 -88
1308679390.56 00:03:52:8b:24:c0 -87
1308679390.56 40:4a:03:de:cd:fe -80
1308679390.56 00:1e:e5:f6:f6:ed -67
1308679390.56 00:03:52:8b:87:20 -74
1308679390.56 00:03:52:8b:87:50 -61
1308679390.56 00:03:52:8b:8c:e0 -67
1308679390.56 00:03:52:8f:73:00 -67
1308679390.56 40:4a:03:de:74:a0 -84
1308679390.56 00:24:01:e0:d1:7d -81
1308679390.56 00:03:52:8b:8d:10 -79
1308679390.56 00:03:52:8b:2c:e0 -72
1308679390.56 00:1e:e5:f7:29:df -76
1308679390.56 00:03:52:8b:2a:60 -76
1308679390.56 00:03:52:8b:8b:60 -42
1308679390.56 00:03:52:8b:2e:a0 -72
1308679390.56 00:03:52:8a:e8:70 -78
1308679390.56 1e:a1:e7:08:c2:b8 -81
1308679393.67 00:03:52:8b:85:00 -85
1308679393.67 00:1a:70:f0:9c:4f -86
1308679393.67 00:03:52:94:5d:80 -88
1308679393.67 00:03:52:8b:24:c0 -87
1308679393.67 40:4a:03:de:cd:fe -80
1308679393.67 00:1e:e5:f6:f6:ed -67
1308679393.67 00:1e:e5:f7:29:df -76
1308679393.67 00:03:52:8b:8d:10 -79
1308679393.67 40:4a:03:de:74:a0 -84
1308679393.67 00:03:52:8b:8c:e0 -67
1308679393.67 00:03:52:8b:87:20 -74
1308679393.67 00:03:52:8b:87:50 -60
1308679393.67 00:03:52:8f:73:00 -62
1308679393.67 00:24:01:e0:d1:7d -80
1308679393.67 00:03:52:8b:2c:e0 -78
1308679393.67 00:03:52:8b:2a:60 -80
1308679393.67 00:03:52:8b:8b:60 -62
1308679393.67 00:03:52:8b:2e:a0 -73
1308679393.67 00:03:52:8a:e8:70 -77
1308679393.67 1e:a1:e7:08:c2:b8 -81
1308679396.77 00:1a:70:f0:9c:4f -86
1308679396.77 00:03:52:94:5d:80 -88
1308679396.77 00:03:52:8b:24:c0 -87
1308679396.77 40:4a:03:de:cd:fe -80
1308679396.77 00:1e:e5:f7:29:df -76
1308679396.77 40:4a:03:de:74:a0 -84
1308679396.77 00:03:52:8b:8c:e0 -67
1308679396.77 00:03:52:8b:87:20 -74
1308679396.77 00:03:52:8b:87:50 -54
1308679396.77 00:03:52:8f:73:00 -64
1308679396.77 00:24:01:e0:d1:7d -82
1308679396.77 00:03:52:8b:8d:10 -84
1308679396.77 00:1e:e5:f6:f6:ed -77
1308679396.77 00:03:52:8b:2c:e0 -77
1308679396.77 00:03:52:8b:2a:60 -70
1308679396.77 00:03:52:8b:8b:60 -59
1308679396.77 00:03:52:8b:2e:a0 -64
1308679396.77 00:03:52:8a:e8:70 -71
1308679396.77 1e:a1:e7:08:c2:b8 -81
1308679399.88 00:1a:70:f0:9c:4f -86
1308679399.88 00:03:52:94:5d:80 -88
1308679399.88 00:03:52:8b:24:c0 -87
1308679399.88 40:4a:03:de:cd:fe -80
1308679399.88 40:4a:03:de:74:a0 -84
1308679399.88 00:1e:e5:f6:f6:ed -77
1308679399.88 00:24:01:e0:d1:7d -82
1308679399.88 00:03:52:8b:87:20 -72
1308679399.88 00:03:52:8b:87:50 -46
1308679399.88 00:03:52:8b:8c:e0 -68
1308679399.88 00:03:52:8f:73:00 -61
1308679399.88 00:03:52:8b:8d:10 -81
1308679399.88 00:03:52:8b:2c:e0 -69
1308679399.88 00:1e:e5:f7:29:df -72
1308679399.88 00:03:52:8b:2a:60 -72
1308679399.88 00:03:52:8b:8b:60 -65
1308679399.88 00:03:52:8b:2e:a0 -62
1308679399.88 00:03:52:8a:e8:70 -69
1308679399.88 1e:a1:e7:08:c2:b8 -81
1308679402.99 00:1a:70:f0:9c:4f -86
1308679402.99 00:03:52:94:5d:80 -88
1308679402.99 00:03:52:8b:24:c0 -87
1308679402.99 40:4a:03:de:74:a0 -84
1308679402.99 00:03:52:8b:8b:60 -65
1308679402.99 00:03:52:8b:8d:10 -81
1308679402.99 00:03:52:8b:87:20 -72
1308679402.99 00:03:52:8b:87:50 -60
1308679402.99 00:03:52:8b:8c:e0 -67
1308679402.99 00:03:52:8f:73:00 -60
1308679402.99 00:1e:e5:f6:f6:ed -74
1308679402.99 00:24:01:e0:d1:7d -84
1308679402.99 00:03:52:8b:2c:e0 -67
1308679402.99 00:03:52:8b:2a:60 -69
1308679402.99 00:1e:e5:f7:29:df -72
1308679402.99 40:4a:03:de:cd:fe -72
1308679402.99 00:03:52:8b:2e:a0 -51
1308679402.99 00:03:52:8a:e8:70 -66
1308679402.99 1e:a1:e7:08:c2:b8 -81
1308679406.1 00:03:52:94:5d:80 -88
1308679406.1 00:03:52:8b:24:c0 -87
1308679406.1 40:4a:03:de:74:a0 -84
1308679406.1 00:03:52:8b:8b:60 -65
1308679406.1 00:03:52:8b:8d:10 -81
1308679406.1 00:03:52:8b:87:20 -72
1308679406.1 00:1e:e5:f7:29:df -72
1308679406.1 00:03:52:8b:2a:60 -69
1308679406.1 00:24:01:e0:d1:7d -84
1308679406.1 00:1e:e5:f6:f6:ed -74
1308679406.1 00:03:52:8b:87:50 -72
1308679406.1 00:03:52:8b:8c:e0 -73
1308679406.1 00:03:52:8f:73:00 -62
1308679406.1 00:03:52:8b:2c:e0 -67
1308679406.1 00:03:52:8b:2e:a0 -46
1308679406.1 40:4a:03:de:cd:fe -70
1308679406.1 00:03:52:8a:e8:70 -63
1308679406.1 1e:a1:e7:08:c2:b8 -81
1308679409.21 00:03:52:94:5d:80 -88
1308679409.21 00:03:52:8b:24:c0 -87
1308679409.21 40:4a:03:de:74:a0 -84
1308679409.21 00:1e:e5:f6:f6:ed -74
1308679409.21 00:03:52:8b:87:20 -83
1308679409.21 00:03:52:8b:87:50 -71
1308679409.21 00:03:52:8b:8c:e0 -69
1308679409.21 00:03:52:8f:73:00 -65
1308679409.21 00:24:01:e0:d1:7d -80
1308679409.21 00:03:52:8b:8d:10 -86
1308679409.21 00:1e:e5:f7:29:df -77
1308679409.21 00:03:52:8b:2a:60 -82
1308679409.21 00:03:52:8b:2c:e0 -41
1308679409.21 00:03:52:8b:8b:60 -75
1308679409.21 00:03:52:8b:2e:a0 -48
1308679409.21 40:4a:03:de:cd:fe -77
1308679409.21 00:03:52:8a:e8:70 -57
1308679409.21 1e:a1:e7:08:c2:b8 -81
1308679412.31 00:03:52:8b:24:c0 -87
1308679412.31 40:4a:03:de:74:a0 -84
1308679412.31 00:1e:e5:f6:f6:ed -74
1308679412.31 00:03:52:8b:8b:60 -75
1308679412.31 00:1e:e5:f7:29:df -77
1308679412.31 00:03:52:8b:8d:10 -86
1308679412.31 00:24:01:e0:d1:7d -80
1308679412.31 00:03:52:8b:87:20 -83
1308679412.31 00:03:52:8b:87:50 -79
1308679412.31 00:03:52:8b:8c:e0 -71
1308679412.31 00:03:52:8f:73:00 -65
1308679412.31 00:03:52:8b:2a:60 -77
1308679412.31 00:03:52:8b:2c:e0 -61
1308679412.31 00:03:52:8b:2e:a0 -60
1308679412.31 40:4a:03:de:cd:fe -78
1308679412.31 00:03:52:8a:e8:70 -41
1308679412.31 1e:a1:e7:08:c2:b8 -81
1308679415.42 00:03:52:8b:24:c0 -87
1308679415.42 40:4a:03:de:74:a0 -84
1308679415.42 00:1e:e5:f6:f6:ed -74
1308679415.42 00:1e:e5:f7:29:df -77
1308679415.42 00:03:52:8b:8d:10 -86
1308679415.42 00:24:01:e0:d1:7d -80
1308679415.42 00:03:52:8b:87:20 -83
1308679415.42 00:03:52:8b:2a:60 -77
1308679415.42 00:03:52:8b:87:50 -79
1308679415.42 00:03:52:8b:8c:e0 -70
1308679415.42 00:03:52:8f:73:00 -57
1308679415.42 00:03:52:8b:2c:e0 -57
1308679415.42 00:03:52:8b:8b:60 -80
1308679415.42 00:03:52:8b:2e:a0 -63
1308679415.42 40:4a:03:de:cd:fe -69
1308679415.42 00:03:52:8a:e8:70 -51
1308679415.42 1e:a1:e7:08:c2:b8 -81
1308679418.53 40:4a:03:de:74:a0 -84
1308679418.53 00:1e:e5:f6:f6:ed -74
1308679418.53 00:03:52:8b:8d:10 -86
1308679418.53 00:24:01:e0:d1:7d -80
1308679418.53 00:03:52:8b:87:20 -83
1308679418.53 00:03:52:8b:8b:60 -80
1308679418.53 00:03:52:8b:87:50 -84
1308679418.53 00:03:52:8b:8c:e0 -78
1308679418.53 00:03:52:8f:73:00 -59
1308679418.53 00:03:52:8b:2c:e0 -54
1308679418.53 00:03:52:8b:2a:60 -74
1308679418.53 00:1e:e5:f7:29:df -73
1308679418.53 00:03:52:8b:2e:a0 -67
1308679418.53 40:4a:03:de:cd:fe -78
1308679418.53 00:03:52:8a:e8:70 -47
1308679418.53 1e:a1:e7:08:c2:b8 -81
1308679421.64 40:4a:03:de:74:a0 -84
1308679421.64 00:1e:e5:f6:f6:ed -74
1308679421.64 00:03:52:8b:8d:10 -86
1308679421.64 00:24:01:e0:d1:7d -80
1308679421.64 00:03:52:8b:87:20 -83
1308679421.64 00:03:52:8b:8b:60 -80
1308679421.64 40:4a:03:de:cd:fe -78
1308679421.64 00:1e:e5:f7:29:df -73
1308679421.64 00:03:52:8b:2a:60 -74
1308679421.64 00:03:52:8b:87:50 -89
1308679421.64 00:03:52:8b:8c:e0 -77
1308679421.64 00:03:52:8f:73:00 -72
1308679421.64 00:03:52:8b:2c:e0 -42
1308679421.64 00:03:52:8b:2e:a0 -61
1308679421.64 00:03:52:8a:e8:70 -64
1308679421.64 1e:a1:e7:08:c2:b8 -81
1308679424.75 00:1e:e5:f6:f6:ed -74
1308679424.75 00:03:52:8b:8d:10 -86
1308679424.75 00:24:01:e0:d1:7d -80
1308679424.75 00:03:52:8b:87:20 -83
1308679424.75 00:03:52:8b:8b:60 -80
1308679424.75 40:4a:03:de:cd:fe -78
1308679424.75 00:03:52:8b:2a:60 -74
1308679424.75 00:03:52:8b:87:50 -89
1308679424.75 00:03:52:8b:8c:e0 -78
1308679424.75 00:03:52:8f:73:00 -77
1308679424.75 40:4a:03:de:74:a0 -86
1308679424.75 00:1e:e5:f7:29:df -81
1308679424.75 00:03:52:8b:2c:e0 -35
1308679424.75 00:03:52:8b:2e:a0 -72
1308679424.75 00:03:52:8a:e8:70 -53
1308679424.75 1e:a1:e7:08:c2:b8 -81
1308679427.86 00:1e:e5:f6:f6:ed -74
1308679427.86 00:03:52:8b:8d:10 -86
1308679427.86 00:24:01:e0:d1:7d -80
1308679427.86 00:03:52:8b:87:20 -83
1308679427.86 00:03:52:8b:8b:60 -80
1308679427.86 40:4a:03:de:cd:fe -78
1308679427.86 00:03:52:8b:2a:60 -74
1308679427.86 00:03:52:8b:87:50 -89
1308679427.86 40:4a:03:de:74:a0 -86
1308679427.86 00:03:52:8b:8c:e0 -78
1308679427.86 00:03:52:8f:73:00 -84
1308679427.86 00:03:52:8b:2c:e0 -38
1308679427.86 00:1e:e5:f7:29:df -78
1308679427.86 00:03:52:8b:2e:a0 -71
1308679427.86 00:03:52:8a:e8:70 -63
1308679427.86 1e:a1:e7:08:c2:b8 -81
1308679430.97 00:1e:e5:f6:f6:ed -74
1308679430.97 00:03:52:8b:8d:10 -86
1308679430.97 00:24:01:e0:d1:7d -80
1308679430.97 00:03:52:8b:87:20 -83
1308679430.97 00:03:52:8b:8b:60 -80
1308679430.97 40:4a:03:de:cd:fe -78
1308679430.97 00:03:52:8b:2a:60 -74
1308679430.97 00:03:52:8b:87:50 -89
1308679430.97 40:4a:03:de:74:a0 -86
1308679430.97 00:1e:e5:f7:29:df -78
1308679430.97 00:03:52:8b:8c:e0 -77
1308679430.97 00:03:52:8f:73:00 -82
1308679430.97 00:03:52:8b:2c:e0 -46
1308679430.97 00:03:52:8b:2e:a0 -71
1308679430.97 00:03:52:8a:e8:70 -59
1308679430.97 1e:a1:e7:08:c2:b8 -81
1308679434.08 00:1e:e5:f6:f6:ed -74
1308679434.08 00:03:52:8b:8d:10 -86
1308679434.08 00:24:01:e0:d1:7d -80
1308679434.08 00:03:52:8b:87:20 -83
1308679434.08 00:03:52:8b:2a:60 -74
1308679434.08 00:03:52:8b:87:50 -89
1308679434.08 00:03:52:8b:8c:e0 -73
1308679434.08 00:03:52:8f:73:00 -73
1308679434.08 40:4a:03:de:74:a0 -83
1308679434.08 00:1e:e5:f7:29:df -85
1308679434.08 00:03:52:8b:8b:60 -86
1308679434.08 40:4a:03:de:cd:fe -83
1308679434.08 00:03:52:8b:2e:a0 -67
1308679434.08 00:03:52:8b:2c:e0 -53
1308679434.08 00:03:52:8a:e8:70 -60
1308679434.08 1e:a1:e7:08:c2:b8 -81
1308679437.18 00:1e:e5:f6:f6:ed -74
1308679437.18 00:03:52:8b:8d:10 -86
1308679437.18 00:24:01:e0:d1:7d -80
1308679437.18 00:03:52:8b:2a:60 -74
1308679437.18 00:1e:e5:f7:29:df -85
1308679437.18 40:4a:03:de:74:a0 -83
1308679437.18 00:03:52:8b:87:20 -85
1308679437.18 00:03:52:8b:87:50 -77
1308679437.18 00:03:52:8b:8c:e0 -70
1308679437.18 00:03:52:8f:73:00 -64
1308679437.18 00:03:52:8b:2c:e0 -55
1308679437.18 00:03:52:8b:8b:60 -75
1308679437.18 00:03:52:8b:2e:a0 -63
1308679437.18 40:4a:03:de:cd:fe -73
1308679437.18 00:03:52:8a:e8:70 -55
1308679437.18 1e:a1:e7:08:c2:b8 -81
1308679440.29 00:1e:e5:f6:f6:ed -74
1308679440.29 00:03:52:8b:8d:10 -86
1308679440.29 00:24:01:e0:d1:7d -80
1308679440.29 40:4a:03:de:74:a0 -83
1308679440.29 40:4a:03:de:cd:fe -73
1308679440.29 00:03:52:8b:8b:60 -75
1308679440.29 00:03:52:8b:87:20 -84
1308679440.29 00:03:52:8b:87:50 -74
1308679440.29 00:03:52:8b:8c:e0 -74
1308679440.29 00:03:52:8f:73:00 -65
1308679440.29 00:03:52:8b:2c:e0 -65
1308679440.29 00:03:52:8b:2a:60 -77
1308679440.29 00:1e:e5:f7:29:df -80
1308679440.29 00:03:52:8b:2e:a0 -57
1308679440.29 00:03:52:8a:e8:70 -59
1308679440.29 1e:a1:e7:08:c2:b8 -81
1308679443.4 00:1e:e5:f6:f6:ed -74
1308679443.4 00:24:01:e0:d1:7d -80
1308679443.4 00:03:52:8b:87:20 -84
1308679443.4 00:03:52:8b:87:50 -70
1308679443.4 00:03:52:8b:8c:e0 -72
1308679443.4 00:03:52:8f:73:00 -54
1308679443.4 40:4a:03:de:74:a0 -68
1308679443.4 00:03:52:8b:8d:10 -86
1308679443.4 00:1e:e5:f7:29:df -77
1308679443.4 00:03:52:8b:2c:e0 -72
1308679443.4 00:03:52:8b:2a:60 -77
1308679443.4 00:03:52:8b:8b:60 -72
1308679443.4 00:03:52:8b:2e:a0 -63
1308679443.4 40:4a:03:de:cd:fe -71
1308679443.4 00:03:52:8b:24:c0 -81
1308679443.4 00:03:52:8a:e8:70 -64
1308679443.4 1e:a1:e7:08:c2:b8 -81
1308679446.51 00:1e:e5:f6:f6:ed -74
1308679446.51 00:24:01:e0:d1:7d -80
1308679446.51 00:03:52:8b:87:20 -84
1308679446.51 00:03:52:8b:24:c0 -81
1308679446.51 00:03:52:8b:8b:60 -72
1308679446.51 00:03:52:8b:2a:60 -77
1308679446.51 00:1e:e5:f7:29:df -77
1308679446.51 00:03:52:8b:8d:10 -86
1308679446.51 40:4a:03:de:74:a0 -68
1308679446.51 00:03:52:8b:87:50 -81
1308679446.51 00:03:52:8b:8c:e0 -63
1308679446.51 00:03:52:8f:73:00 -63
1308679446.51 00:03:52:8b:2c:e0 -73
1308679446.51 40:4a:03:de:cd:fe -75
1308679446.51 00:03:52:8b:2e:a0 -69
1308679446.51 00:03:52:8a:e8:70 -61
1308679446.51 1e:a1:e7:08:c2:b8 -81
1308679449.63 00:1e:e5:f6:f6:ed -74
1308679449.63 00:24:01:e0:d1:7d -80
1308679449.63 00:03:52:8b:2a:60 -77
1308679449.63 00:03:52:8b:8d:10 -86
1308679449.63 00:03:52:8b:87:20 -84
1308679449.63 00:03:52:8b:87:50 -83
1308679449.63 00:03:52:8b:8c:e0 -54
1308679449.63 00:03:52:8f:73:00 -46
1308679449.63 40:4a:03:de:74:a0 -65
1308679449.63 00:03:52:8b:2c:e0 -69
1308679449.63 00:1e:e5:f7:29:df -78
1308679449.63 00:03:52:8b:8b:60 -76
1308679449.63 00:03:52:8b:2e:a0 -65
1308679449.63 40:4a:03:de:cd:fe -61
1308679449.63 00:03:52:8a:e8:70 -67
1308679449.63 00:03:52:8b:24:c0 -87
1308679449.63 1e:a1:e7:08:c2:b8 -81
1308679452.74 00:1e:e5:f6:f6:ed -74
1308679452.74 00:24:01:e0:d1:7d -80
1308679452.74 00:03:52:8b:2a:60 -77
1308679452.74 00:03:52:8b:8d:10 -86
1308679452.74 00:03:52:8b:24:c0 -87
1308679452.74 00:03:52:8b:87:20 -84
1308679452.74 00:03:52:8b:87:50 -84
1308679452.74 00:03:52:8b:8c:e0 -42
1308679452.74 00:03:52:8f:73:00 -52
1308679452.74 40:4a:03:de:74:a0 -66
1308679452.74 00:1e:e5:f7:29:df -80
1308679452.74 00:03:52:8b:2c:e0 -75
1308679452.74 00:03:52:8b:8b:60 -74
1308679452.74 00:03:52:8b:2e:a0 -78
1308679452.74 40:4a:03:de:cd:fe -65
1308679452.74 00:03:52:8a:e8:70 -70
1308679452.74 1e:a1:e7:08:c2:b8 -81
1308679455.85 00:1e:e5:f6:f6:ed -74
1308679455.85 00:24:01:e0:d1:7d -80
1308679455.85 00:03:52:8b:2a:60 -77
1308679455.85 00:03:52:8b:8d:10 -86
1308679455.85 00:03:52:8b:24:c0 -87
1308679455.85 00:03:52:8b:87:20 -84
1308679455.85 00:03:52:8a:e8:70 -70
1308679455.85 00:1e:e5:f7:29:df -80
1308679455.85 00:03:52:8b:87:50 -83
1308679455.85 00:03:52:8b:8c:e0 -51
1308679455.85 00:03:52:8f:73:00 -64
1308679455.85 40:4a:03:de:74:a0 -78
1308679455.85 00:03:52:8b:2c:e0 -73
1308679455.85 00:03:52:8b:8b:60 -82
1308679455.85 00:03:52:8b:2e:a0 -71
1308679455.85 40:4a:03:de:cd:fe -76
1308679458.97 00:1e:e5:f6:f6:ed -74
1308679458.97 00:24:01:e0:d1:7d -80
1308679458.97 00:03:52:8b:8d:10 -86
1308679458.97 00:03:52:8b:24:c0 -87
1308679458.97 00:03:52:8b:87:20 -82
1308679458.97 00:03:52:8b:87:50 -83
1308679458.97 00:03:52:8b:8c:e0 -50
1308679458.97 00:03:52:8f:73:00 -52
1308679458.97 40:4a:03:de:74:a0 -81
1308679458.97 00:03:52:8b:2a:60 -81
1308679458.97 00:1e:e5:f7:29:df -78
1308679458.97 00:03:52:8b:2c:e0 -78
1308679458.97 00:03:52:8b:8b:60 -81
1308679458.97 00:03:52:8b:2e:a0 -69
1308679458.97 40:4a:03:de:cd:fe -80
1308679458.97 00:03:52:8a:e8:70 -76
1308679462.09 00:1e:e5:f6:f6:ed -74
1308679462.09 00:24:01:e0:d1:7d -80
1308679462.09 00:03:52:8b:24:c0 -87
1308679462.09 00:1e:e5:f7:29:df -78
1308679462.09 00:03:52:8b:87:50 -80
1308679462.09 00:03:52:8b:8c:e0 -61
1308679462.09 00:03:52:8f:73:00 -52
1308679462.09 40:4a:03:de:74:a0 -66
1308679462.09 00:03:52:8b:8d:10 -85
1308679462.09 00:03:52:8b:2c:e0 -76
1308679462.09 00:03:52:8b:8b:60 -84
1308679462.09 00:03:52:8b:2a:60 -74
1308679462.09 00:03:52:8b:2e:a0 -74
1308679462.09 40:4a:03:de:cd:fe -69
1308679462.09 00:03:52:8a:e8:70 -71
1308679462.09 00:03:52:8b:87:20 -86
1308679465.21 00:1e:e5:f6:f6:ed -74
1308679465.21 00:24:01:e0:d1:7d -80
1308679465.21 00:03:52:8b:24:c0 -87
1308679465.21 00:1e:e5:f7:29:df -78
1308679465.21 00:03:52:8b:87:20 -86
1308679465.21 00:03:52:8b:2c:e0 -76
1308679465.21 00:03:52:8b:8d:10 -85
1308679465.21 00:03:52:8b:87:50 -80
1308679465.21 00:03:52:8b:8c:e0 -61
1308679465.21 00:03:52:8f:73:00 -46
1308679465.21 40:4a:03:de:74:a0 -61
1308679465.21 00:03:52:8b:2a:60 -76
1308679465.21 00:03:52:8b:8b:60 -79
1308679465.21 00:03:52:8b:2e:a0 -73
1308679465.21 40:4a:03:de:cd:fe -62
1308679465.21 00:03:52:8a:e8:70 -74
1308679468.34 00:24:01:e0:d1:7d -80
1308679468.34 00:03:52:8b:87:50 -80
1308679468.34 00:03:52:8a:e8:70 -74
1308679468.34 00:03:52:8b:8b:60 -79
1308679468.34 00:03:52:8b:2a:60 -76
1308679468.34 40:4a:03:de:74:a0 -61
1308679468.34 00:03:52:8b:87:20 -84
1308679468.34 00:03:52:8b:8c:e0 -68
1308679468.34 00:03:52:8f:73:00 -46
1308679468.34 00:1a:70:f0:9c:4f -87
1308679468.34 00:03:52:8b:8d:10 -88
1308679468.34 00:03:52:8b:2c:e0 -80
1308679468.34 00:1e:e5:f7:29:df -82
1308679468.34 00:03:52:8b:2e:a0 -76
1308679468.34 40:4a:03:de:cd:fe -63
1308679468.34 00:03:52:8b:24:c0 -83
1308679471.46 00:24:01:e0:d1:7d -80
1308679471.46 00:03:52:8a:e8:70 -74
1308679471.46 00:03:52:8b:8b:60 -79
1308679471.46 00:03:52:8b:2c:e0 -80
1308679471.46 00:1a:70:f0:9c:4f -87
1308679471.46 00:03:52:8b:87:20 -88
1308679471.46 00:03:52:8b:87:50 -85
1308679471.46 00:03:52:8b:8c:e0 -68
1308679471.46 00:03:52:8f:73:00 -50
1308679471.46 40:4a:03:de:74:a0 -59
1308679471.46 00:03:52:8b:8d:10 -84
1308679471.46 00:1e:e5:f7:29:df -84
1308679471.46 00:03:52:8b:2a:60 -81
1308679471.46 00:03:52:8b:2e:a0 -81
1308679471.46 40:4a:03:de:cd:fe -55
1308679471.46 00:03:52:8b:24:c0 -86
1308679474.57 00:1a:70:f0:9c:4f -87
1308679474.57 00:1e:e5:f7:29:df -84
1308679474.57 00:03:52:8b:87:50 -85
1308679474.57 00:03:52:8b:87:20 -88
1308679474.57 00:03:52:8b:8c:e0 -72
1308679474.57 00:03:52:8f:73:00 -42
1308679474.57 40:4a:03:de:74:a0 -53
1308679474.57 00:03:52:8b:8d:10 -87
1308679474.57 00:03:52:8b:2c:e0 -81
1308679474.57 00:03:52:8b:2a:60 -89
1308679474.57 00:03:52:8b:8b:60 -79
1308679474.57 00:03:52:8b:2e:a0 -79
1308679474.57 40:4a:03:de:cd:fe -53
1308679474.57 00:03:52:8a:e8:70 -79
1308679474.57 00:03:52:8b:24:c0 -83
1308679477.68 00:03:52:8b:87:50 -85
1308679477.68 00:03:52:8b:87:20 -88
1308679477.68 00:03:52:8b:8b:60 -79
1308679477.68 00:03:52:8b:2a:60 -89
1308679477.68 00:03:52:8b:2c:e0 -81
1308679477.68 00:03:52:8b:8c:e0 -73
1308679477.68 00:03:52:8f:73:00 -40
1308679477.68 00:1a:70:f0:9c:4f -85
1308679477.68 40:4a:03:de:74:a0 -56
1308679477.68 00:03:52:8b:8d:10 -80
1308679477.68 00:1e:e5:f7:29:df -87
1308679477.68 40:4a:03:de:cd:fe -55
1308679477.68 00:03:52:8b:2e:a0 -81
1308679477.68 00:03:52:8a:e8:70 -91
1308679477.68 00:03:52:8b:24:c0 -81
1308679480.79 00:03:52:8b:87:50 -85
1308679480.79 00:03:52:8b:87:20 -88
1308679480.79 00:03:52:8b:8b:60 -79
1308679480.79 00:03:52:8b:2a:60 -89
1308679480.79 00:03:52:8b:2c:e0 -81
1308679480.79 00:1e:e5:f7:29:df -87
1308679480.79 00:03:52:8b:8c:e0 -73
1308679480.79 00:03:52:8b:85:00 -84
1308679480.79 00:03:52:8f:73:00 -50
1308679480.79 40:4a:03:de:74:a0 -49
1308679480.79 00:03:52:8b:8d:10 -81
1308679480.79 00:1a:70:f0:9c:4f -75
1308679480.79 00:03:52:8b:2e:a0 -79
1308679480.79 40:4a:03:de:cd:fe -51
1308679480.79 00:03:52:8a:e8:70 -85
1308679480.79 00:03:52:8b:24:c0 -72
1308679483.9 00:03:52:8b:87:50 -85
1308679483.9 00:03:52:8b:8b:60 -79
1308679483.9 00:03:52:8b:2a:60 -89
1308679483.9 00:1e:e5:f7:29:df -87
1308679483.9 00:03:52:8a:e8:70 -85
1308679483.9 00:03:52:8b:85:00 -84
1308679483.9 00:03:52:8b:87:20 -93
1308679483.9 00:03:52:8b:8c:e0 -71
1308679483.9 00:03:52:8f:73:00 -50
1308679483.9 40:4a:03:de:74:a0 -52
1308679483.9 00:1a:70:f0:9c:4f -76
1308679483.9 00:03:52:8b:8d:10 -84
1308679483.9 00:03:52:8b:2c:e0 -90
1308679483.9 00:03:52:8b:2e:a0 -73
1308679483.9 40:4a:03:de:cd:fe -47
1308679483.9 00:03:52:8b:24:c0 -70
1308679487.01 00:03:52:8b:2a:60 -89
1308679487.01 00:03:52:8a:e8:70 -85
1308679487.01 00:03:52:8b:85:00 -84
1308679487.01 00:03:52:8b:8d:10 -84
1308679487.01 00:03:52:8f:73:00 -50
1308679487.01 00:03:52:8b:87:20 -84
1308679487.01 00:03:52:8b:87:50 -87
1308679487.01 00:03:52:8b:8c:e0 -74
1308679487.01 40:4a:03:de:74:a0 -48
1308679487.01 00:1a:70:f0:9c:4f -79
1308679487.01 00:03:52:8b:2c:e0 -90
1308679487.01 00:1e:e5:f7:29:df -87
1308679487.01 00:03:52:8b:8b:60 -87
1308679487.01 00:03:52:8b:2e:a0 -75
1308679487.01 40:4a:03:de:cd:fe -48
1308679487.01 00:03:52:8b:24:c0 -60
1308679490.12 00:03:52:8a:e8:70 -85
1308679490.12 00:03:52:8b:2e:a0 -75
1308679490.12 00:03:52:8b:8b:60 -87
1308679490.12 00:1e:e5:f7:29:df -87
1308679490.12 00:03:52:8b:2c:e0 -90
1308679490.12 00:03:52:8b:87:50 -87
1308679490.12 00:03:52:8b:87:20 -84
1308679490.12 00:03:52:8b:8c:e0 -75
1308679490.12 00:03:52:8b:85:00 -87
1308679490.12 00:03:52:8f:73:00 -56
1308679490.12 00:1a:70:f0:9c:4f -81
1308679490.12 40:4a:03:de:74:a0 -49
1308679490.12 00:03:52:8b:8d:10 -80
1308679490.12 00:03:52:8b:2a:60 -90
1308679490.12 40:4a:03:de:cd:fe -54
1308679490.12 00:03:52:94:5d:80 -80
1308679490.12 00:03:52:8b:24:c0 -65
1308679493.22 00:03:52:8a:e8:70 -85
1308679493.22 00:03:52:8b:2e:a0 -75
1308679493.22 00:03:52:8b:8b:60 -87
1308679493.22 00:1e:e5:f7:29:df -87
1308679493.22 00:03:52:8b:2c:e0 -90
1308679493.22 00:03:52:8b:87:50 -87
1308679493.22 00:03:52:8b:87:20 -84
1308679493.22 00:03:52:8b:2a:60 -90
1308679493.22 00:03:52:8b:85:00 -83
1308679493.22 00:03:52:8b:8c:e0 -82
1308679493.22 00:03:52:8f:73:00 -61
1308679493.22 40:4a:03:de:74:a0 -52
1308679493.22 00:03:52:8b:8d:10 -85
1308679493.22 00:1a:70:f0:9c:4f -72
1308679493.22 00:24:7b:10:ee:60 -90
1308679493.22 40:4a:03:de:cd:fe -58
1308679493.22 00:03:52:94:5d:80 -81
1308679493.22 00:03:52:8b:24:c0 -64
1308679493.22 00:03:52:8b:5f:60 -86
1308679493.22 1e:a1:e7:08:c2:b8 -90
1308679496.34 00:03:52:8a:e8:70 -85
1308679496.34 00:03:52:8b:2e:a0 -75
1308679496.34 00:03:52:8b:8b:60 -87
1308679496.34 00:1e:e5:f7:29:df -87
1308679496.34 00:03:52:8b:2c:e0 -90
1308679496.34 00:03:52:8b:87:50 -87
1308679496.34 00:03:52:8b:87:20 -84
1308679496.34 00:03:52:8b:2a:60 -90
1308679496.34 00:03:52:94:5d:80 -81
1308679496.34 00:24:7b:10:ee:60 -90
1308679496.34 00:03:52:8b:8d:10 -85
1308679496.34 00:03:52:8b:8c:e0 -82
1308679496.34 00:03:52:8f:73:00 -73
1308679496.34 00:03:52:8b:85:00 -73
1308679496.34 40:4a:03:de:74:a0 -62
1308679496.34 00:1a:70:f0:9c:4f -73
1308679496.34 00:80:48:51:e8:74 -86
1308679496.34 40:4a:03:de:cd:fe -56
1308679496.34 00:03:52:8b:5f:60 -83
1308679496.34 00:03:52:8b:24:c0 -60
1308679496.34 1e:a1:e7:08:c2:b8 -90
1308679499.45 00:03:52:8a:e8:70 -85
1308679499.45 00:03:52:8b:2e:a0 -75
1308679499.45 00:03:52:8b:8b:60 -87
1308679499.45 00:1e:e5:f7:29:df -87
1308679499.45 00:03:52:8b:2c:e0 -90
1308679499.45 00:03:52:8b:87:50 -87
1308679499.45 00:03:52:8b:87:20 -84
1308679499.45 00:03:52:8b:2a:60 -90
1308679499.45 00:03:52:94:5d:80 -81
1308679499.45 00:24:7b:10:ee:60 -90
1308679499.45 00:03:52:8b:8c:e0 -82
1308679499.45 40:4a:03:de:74:a0 -62
1308679499.45 00:03:52:8f:73:00 -73
1308679499.45 00:03:52:8b:85:00 -71
1308679499.45 00:03:52:8b:8d:10 -84
1308679499.45 00:1a:70:f0:9c:4f -65
1308679499.45 00:80:48:51:e8:74 -86
1308679499.45 40:4a:03:de:cd:fe -69
1308679499.45 00:03:52:8b:24:c0 -51
1308679499.45 00:03:52:8b:5f:60 -79
1308679499.45 1e:a1:e7:08:c2:b8 -88
1308679502.55 00:03:52:8a:e8:70 -85
1308679502.55 00:03:52:8b:2e:a0 -75
1308679502.55 00:03:52:8b:8b:60 -87
1308679502.55 00:1e:e5:f7:29:df -87
1308679502.55 00:03:52:8b:2c:e0 -90
1308679502.55 00:03:52:8b:87:50 -87
1308679502.55 00:24:7b:10:ee:60 -90
1308679502.55 40:4a:03:de:74:a0 -62
1308679502.55 00:03:52:8b:8d:10 -84
1308679502.55 00:03:52:8b:87:20 -87
1308679502.55 00:03:52:8b:8c:e0 -86
1308679502.55 00:03:52:8f:73:00 -70
1308679502.55 00:03:52:8b:85:00 -60
1308679502.55 00:1a:70:f0:9c:4f -55
1308679502.55 00:03:52:8b:2a:60 -85
1308679502.55 00:80:48:51:e8:74 -80
1308679502.55 40:4a:03:de:cd:fe -67
1308679502.55 00:03:52:8b:5f:60 -69
1308679502.55 00:03:52:8b:24:c0 -47
1308679502.55 00:03:52:94:5d:80 -81
1308679502.55 1e:a1:e7:08:c2:b8 -88
1308679505.66 00:03:52:8a:e8:70 -85
1308679505.66 00:03:52:8b:2e:a0 -75
1308679505.66 00:03:52:8b:8b:60 -87
1308679505.66 00:1e:e5:f7:29:df -87
1308679505.66 00:03:52:8b:2c:e0 -90
1308679505.66 00:03:52:8b:87:50 -87
1308679505.66 00:24:7b:10:ee:60 -90
1308679505.66 40:4a:03:de:74:a0 -62
1308679505.66 00:03:52:8b:8d:10 -84
1308679505.66 00:03:52:8b:2a:60 -85
1308679505.66 00:03:52:8b:8c:e0 -86
1308679505.66 00:03:52:8b:87:20 -87
1308679505.66 00:03:52:8b:85:00 -76
1308679505.66 00:03:52:8f:73:00 -76
1308679505.66 00:1a:70:f0:9c:4f -59
1308679505.66 00:80:48:51:e8:74 -86
1308679505.66 40:4a:03:de:cd:fe -78
1308679505.66 00:03:52:94:5d:80 -86
1308679505.66 00:03:52:8b:5f:60 -80
1308679505.66 00:03:52:8b:24:c0 -36
1308679505.66 1e:a1:e7:08:c2:b8 -88
1308679508.77 00:03:52:8a:e8:70 -85
1308679508.77 00:03:52:8b:2e:a0 -75
1308679508.77 00:03:52:8b:8b:60 -87
1308679508.77 00:1e:e5:f7:29:df -87
1308679508.77 00:03:52:8b:2c:e0 -90
1308679508.77 00:03:52:8b:87:50 -87
1308679508.77 00:24:7b:10:ee:60 -90
1308679508.77 00:03:52:8b:8d:10 -84
1308679508.77 00:03:52:8b:2a:60 -85
1308679508.77 00:03:52:8b:8c:e0 -86
1308679508.77 00:03:52:8b:87:20 -87
1308679508.77 00:03:52:8b:85:00 -78
1308679508.77 00:03:52:8f:73:00 -76
1308679508.77 40:4a:03:de:74:a0 -71
1308679508.77 00:1a:70:f0:9c:4f -59
1308679508.77 00:80:48:51:e8:74 -82
1308679508.77 40:4a:03:de:cd:fe -73
1308679508.77 00:03:52:94:5d:80 -85
1308679508.77 00:03:52:8b:5f:60 -79
1308679508.77 00:03:52:8b:24:c0 -36
1308679508.77 1e:a1:e7:08:c2:b8 -88
1308679511.88 00:03:52:8a:e8:70 -85
1308679511.88 00:03:52:8b:2e:a0 -75
1308679511.88 00:03:52:8b:8b:60 -87
1308679511.88 00:1e:e5:f7:29:df -87
1308679511.88 00:03:52:8b:2c:e0 -90
1308679511.88 00:03:52:8b:87:50 -87
1308679511.88 00:03:52:8b:8d:10 -84
1308679511.88 00:03:52:8b:2a:60 -85
1308679511.88 00:03:52:8b:8c:e0 -86
1308679511.88 00:03:52:8b:87:20 -87
1308679511.88 00:03:52:94:5d:80 -85
1308679511.88 00:03:52:8b:85:00 -80
1308679511.88 00:03:52:8f:73:00 -70
1308679511.88 40:4a:03:de:74:a0 -70
1308679511.88 00:1a:70:f0:9c:4f -69
1308679511.88 00:80:48:51:e8:74 -84
1308679511.88 00:24:7b:10:ee:60 -87
1308679511.88 40:4a:03:de:cd:fe -74
1308679511.88 00:03:52:8b:5f:60 -86
1308679511.88 00:03:52:8b:24:c0 -35
1308679511.88 1e:a1:e7:08:c2:b8 -88
1308679514.99 00:03:52:8a:e8:70 -85
1308679514.99 00:03:52:8b:2e:a0 -75
1308679514.99 00:03:52:8b:8b:60 -87
1308679514.99 00:1e:e5:f7:29:df -87
1308679514.99 00:03:52:8b:2c:e0 -90
1308679514.99 00:03:52:8b:87:50 -87
1308679514.99 00:03:52:8b:8d:10 -84
1308679514.99 00:03:52:8b:2a:60 -85
1308679514.99 00:03:52:8b:8c:e0 -86
1308679514.99 00:03:52:8b:87:20 -87
1308679514.99 00:03:52:94:5d:80 -85
1308679514.99 00:24:7b:10:ee:60 -87
1308679514.99 00:03:52:8f:73:00 -71
1308679514.99 00:03:52:8b:85:00 -84
1308679514.99 40:4a:03:de:74:a0 -67
1308679514.99 00:1a:70:f0:9c:4f -67
1308679514.99 00:80:48:51:e8:74 -84
1308679514.99 40:4a:03:de:cd:fe -72
1308679514.99 00:03:52:8b:5f:60 -88
1308679514.99 00:03:52:8b:24:c0 -34
1308679514.99 1e:a1:e7:08:c2:b8 -88
