1308679593.21 00:03:52:8b:85:00 -70
1308679593.21 00:1a:70:f0:9c:4f -59
1308679593.21 00:03:52:8b:2a:60 -84
1308679593.21 00:80:48:51:e8:74 -84
1308679593.21 40:4a:03:de:cd:fe -74
1308679593.21 00:03:52:94:5d:80 -78
1308679593.21 00:03:52:8b:5f:60 -74
1308679593.21 00:03:52:8b:24:c0 -54
1308679596.33 00:03:52:8b:8c:e0 -82
1308679596.33 00:03:52:8b:85:00 -69
1308679596.33 00:03:52:8f:73:00 -58
1308679596.33 40:4a:03:de:74:a0 -60
1308679596.33 00:1a:70:f0:9c:4f -66
1308679596.33 00:03:52:8b:2a:60 -89
1308679596.33 00:80:48:51:e8:74 -84
1308679596.33 40:4a:03:de:cd:fe -71
1308679596.33 00:03:52:94:5d:80 -78
1308679596.33 00:03:52:8b:5f:60 -78
1308679596.33 00:03:52:8b:24:c0 -49
1308679599.44 00:03:52:8b:2a:60 -89
1308679599.44 00:03:52:8b:8c:e0 -82
1308679599.44 00:03:52:8b:85:00 -77
1308679599.44 00:03:52:8f:73:00 -64
1308679599.44 40:4a:03:de:74:a0 -56
1308679599.44 00:1a:70:f0:9c:4f -71
1308679599.44 40:4a:03:de:cd:fe -72
1308679599.44 00:80:48:51:e8:74 -83
1308679599.44 00:03:52:8b:5f:60 -83
1308679599.44 00:03:52:94:5d:80 -74
1308679599.44 00:03:52:8b:24:c0 -52
1308679599.44 1e:a1:e7:08:c2:b8 -88
1308679602.57 00:03:52:8b:2a:60 -89
1308679602.57 00:03:52:8b:8c:e0 -82
1308679602.57 00:03:52:8b:5f:60 -83
1308679602.57 00:80:48:51:e8:74 -83
1308679602.57 00:03:52:8b:85:00 -77
1308679602.57 00:03:52:8f:73:00 -53
1308679602.57 40:4a:03:de:74:a0 -53
1308679602.57 00:1a:70:f0:9c:4f -74
1308679602.57 00:03:52:8b:2e:a0 -85
1308679602.57 40:4a:03:de:cd:fe -60
1308679602.57 00:03:52:94:5d:80 -76
1308679602.57 00:03:52:8b:24:c0 -62
1308679602.57 1e:a1:e7:08:c2:b8 -88
1308679605.69 00:03:52:8b:2a:60 -89
1308679605.69 00:03:52:8b:8c:e0 -82
1308679605.69 00:80:48:51:e8:74 -83
1308679605.69 00:03:52:8b:85:00 -82
1308679605.69 00:03:52:8f:73:00 -55
1308679605.69 40:4a:03:de:74:a0 -51
1308679605.69 00:03:52:8b:8d:10 -84
1308679605.69 00:1a:70:f0:9c:4f -67
1308679605.69 00:1e:e5:f7:29:df -85
1308679605.69 00:03:52:8b:2e:a0 -83
1308679605.69 40:4a:03:de:cd:fe -56
1308679605.69 00:03:52:94:5d:80 -85
1308679605.69 00:03:52:8b:5f:60 -78
1308679605.69 00:03:52:8b:24:c0 -65
1308679605.69 1e:a1:e7:08:c2:b8 -88
1308679608.8 00:80:48:51:e8:74 -83
1308679608.8 00:03:52:94:5d:80 -85
1308679608.8 00:03:52:8b:2e:a0 -83
1308679608.8 00:1e:e5:f7:29:df -85
1308679608.8 00:03:52:8b:8d:10 -84
1308679608.8 40:4a:03:de:74:a0 -51
1308679608.8 00:03:52:8b:87:50 -88
1308679608.8 00:03:52:8b:85:00 -85
1308679608.8 00:03:52:8b:8c:e0 -72
1308679608.8 00:03:52:8f:73:00 -52
1308679608.8 00:1a:70:f0:9c:4f -72
1308679608.8 00:03:52:8b:2a:60 -89
1308679608.8 00:03:52:8b:8b:60 -86
1308679608.8 40:4a:03:de:cd:fe -53
1308679608.8 00:03:52:8b:5f:60 -80
1308679608.8 00:03:52:8b:24:c0 -62
1308679608.8 1e:a1:e7:08:c2:b8 -88
1308679611.93 00:03:52:94:5d:80 -85
1308679611.93 00:1e:e5:f7:29:df -85
1308679611.93 00:03:52:8b:8b:60 -86
1308679611.93 00:03:52:8b:2a:60 -89
1308679611.93 00:03:52:8b:8c:e0 -72
1308679611.93 00:03:52:8b:87:50 -88
1308679611.93 00:03:52:8f:73:00 -54
1308679611.93 00:03:52:8b:85:00 -78
1308679611.93 00:03:52:8b:8d:10 -69
1308679611.93 00:1a:70:f0:9c:4f -72
1308679611.93 40:4a:03:de:74:a0 -53
1308679611.93 00:03:52:8b:2e:a0 -86
1308679611.93 00:80:48:51:e8:74 -85
1308679611.93 40:4a:03:de:cd:fe -52
1308679611.93 00:03:52:8a:e8:70 -89
1308679611.93 00:03:52:8b:5f:60 -81
1308679611.93 00:03:52:8b:24:c0 -63
1308679611.93 1e:a1:e7:08:c2:b8 -88
1308679615.07 00:1e:e5:f7:29:df -85
1308679615.07 00:03:52:8b:8b:60 -86
1308679615.07 00:03:52:8b:2a:60 -89
1308679615.07 00:03:52:8b:87:50 -88
1308679615.07 00:03:52:8a:e8:70 -89
1308679615.07 00:80:48:51:e8:74 -85
1308679615.07 00:03:52:8f:73:00 -54
1308679615.07 00:03:52:8b:8c:e0 -79
1308679615.07 00:03:52:8b:85:00 -73
1308679615.07 40:4a:03:de:74:a0 -58
1308679615.07 00:1a:70:f0:9c:4f -72
1308679615.07 00:03:52:8b:8d:10 -75
1308679615.07 00:03:52:8b:2c:e0 -87
1308679615.07 00:03:52:8b:2e:a0 -87
1308679615.07 40:4a:03:de:cd:fe -62
1308679615.07 00:03:52:8b:5f:60 -83
1308679615.07 00:03:52:94:5d:80 -82
1308679615.07 00:03:52:8b:24:c0 -62
1308679615.07 1e:a1:e7:08:c2:b8 -88
1308679618.21 00:03:52:8b:8b:60 -86
1308679618.21 00:03:52:8b:2a:60 -89
1308679618.21 00:03:52:8b:87:50 -88
1308679618.21 00:80:48:51:e8:74 -85
1308679618.21 00:03:52:94:5d:80 -82
1308679618.21 00:03:52:8b:5f:60 -83
1308679618.21 00:03:52:8b:2c:e0 -87
1308679618.21 00:03:52:8b:85:00 -73
1308679618.21 00:03:52:8b:8c:e0 -79
1308679618.21 00:03:52:8f:73:00 -49
1308679618.21 40:4a:03:de:74:a0 -51
1308679618.21 00:1a:70:f0:9c:4f -75
1308679618.21 00:03:52:8b:8d:10 -80
1308679618.21 00:1e:e5:f7:29:df -84
1308679618.21 00:03:52:8b:2e:a0 -73
1308679618.21 40:4a:03:de:cd:fe -51
1308679618.21 00:03:52:8a:e8:70 -84
1308679618.21 00:03:52:8b:24:c0 -67
1308679618.21 1e:a1:e7:08:c2:b8 -88
1308679621.35 00:03:52:8b:8b:60 -86
1308679621.35 00:03:52:8b:2a:60 -89
1308679621.35 00:03:52:8b:87:50 -88
1308679621.35 00:80:48:51:e8:74 -85
1308679621.35 00:03:52:8b:5f:60 -83
1308679621.35 00:03:52:8b:85:00 -73
1308679621.35 00:03:52:8b:2e:a0 -73
1308679621.35 00:03:52:8b:8c:e0 -78
1308679621.35 00:03:52:8f:73:00 -48
1308679621.35 00:1a:70:f0:9c:4f -83
1308679621.35 00:03:52:8b:8d:10 -85
1308679621.35 40:4a:03:de:74:a0 -55
1308679621.35 00:03:52:8b:2c:e0 -87
1308679621.35 00:1e:e5:f7:29:df -88
1308679621.35 40:4a:03:de:cd:fe -51
1308679621.35 00:03:52:8a:e8:70 -86
1308679621.35 00:03:52:94:5d:80 -80
1308679621.35 00:03:52:8b:24:c0 -70
1308679621.35 1e:a1:e7:08:c2:b8 -88
1308679624.48 00:03:52:8b:8b:60 -86
1308679624.48 00:03:52:8b:87:50 -88
1308679624.48 00:80:48:51:e8:74 -85
1308679624.48 00:03:52:8b:5f:60 -83
1308679624.48 00:03:52:8a:e8:70 -86
1308679624.48 40:4a:03:de:cd:fe -51
1308679624.48 00:03:52:8b:2c:e0 -87
1308679624.48 00:1a:70:f0:9c:4f -83
1308679624.48 00:03:52:8b:8c:e0 -76
1308679624.48 00:03:52:8b:85:00 -83
1308679624.48 00:03:52:8f:73:00 -80
1308679624.48 40:4a:03:de:74:a0 -51
1308679624.48 00:03:52:8b:8d:10 -81
1308679624.48 00:03:52:8b:2a:60 -88
1308679624.48 00:1e:e5:f7:29:df -86
1308679624.48 00:03:52:8b:2e:a0 -79
1308679624.48 00:03:52:94:5d:80 -77
1308679624.48 00:03:52:8b:24:c0 -72
1308679624.48 1e:a1:e7:08:c2:b8 -88
1308679627.64 00:03:52:8b:87:50 -88
1308679627.64 00:80:48:51:e8:74 -85
1308679627.64 00:03:52:8b:5f:60 -83
1308679627.64 00:03:52:8a:e8:70 -86
1308679627.64 00:03:52:94:5d:80 -77
1308679627.64 00:1e:e5:f7:29:df -86
1308679627.64 00:03:52:8b:85:00 -83
1308679627.64 00:03:52:8b:8c:e0 -76
1308679627.64 00:03:52:8f:73:00 -40
1308679627.64 40:4a:03:de:74:a0 -44
1308679627.64 00:1a:70:f0:9c:4f -83
1308679627.64 00:03:52:8b:8d:10 -80
1308679627.64 00:03:52:8b:2c:e0 -89
1308679627.64 00:03:52:8b:2a:60 -88
1308679627.64 00:03:52:8b:8b:60 -85
1308679627.64 00:03:52:8b:2e:a0 -82
1308679627.64 40:4a:03:de:cd:fe -50
1308679627.64 00:03:52:8b:24:c0 -71
1308679627.64 1e:a1:e7:08:c2:b8 -88
1308679630.83 00:80:48:51:e8:74 -85
1308679630.83 00:03:52:8b:5f:60 -83
1308679630.83 00:03:52:94:5d:80 -77
1308679630.83 00:03:52:8b:85:00 -83
1308679630.83 00:03:52:8b:8b:60 -85
1308679630.83 00:03:52:8b:2a:60 -88
1308679630.83 00:03:52:8b:87:50 -87
1308679630.83 00:03:52:8b:8c:e0 -74
1308679630.83 00:03:52:8f:73:00 -45
1308679630.83 00:1a:70:f0:9c:4f -86
1308679630.83 40:4a:03:de:74:a0 -55
1308679630.83 00:03:52:8b:8d:10 -84
1308679630.83 00:03:52:8b:2c:e0 -86
1308679630.83 00:1e:e5:f7:29:df -83
1308679630.83 00:03:52:8b:2e:a0 -71
1308679630.83 40:4a:03:de:cd:fe -54
1308679630.83 00:03:52:8a:e8:70 -77
1308679630.83 00:03:52:8b:24:c0 -73
1308679630.83 1e:a1:e7:08:c2:b8 -88
1308679634.03 00:80:48:51:e8:74 -85
1308679634.03 00:03:52:8b:5f:60 -83
1308679634.03 00:03:52:94:5d:80 -77
1308679634.03 00:03:52:8b:85:00 -83
1308679634.03 00:1e:e5:f7:29:df -83
1308679634.03 00:03:52:8b:2c:e0 -86
1308679634.03 00:1a:70:f0:9c:4f -86
1308679634.03 00:03:52:8b:87:50 -88
1308679634.03 00:03:52:8b:8c:e0 -71
1308679634.03 00:03:52:8f:73:00 -40
1308679634.03 40:4a:03:de:74:a0 -50
1308679634.03 00:03:52:8b:8d:10 -76
1308679634.03 00:03:52:8b:2a:60 -87
1308679634.03 00:03:52:8b:8b:60 -88
1308679634.03 00:03:52:8b:2e:a0 -76
1308679634.03 40:4a:03:de:cd:fe -49
1308679634.03 00:03:52:8a:e8:70 -84
1308679634.03 00:03:52:8b:24:c0 -73
1308679634.03 1e:a1:e7:08:c2:b8 -88
1308679637.23 00:80:48:51:e8:74 -85
1308679637.23 00:03:52:8b:5f:60 -83
1308679637.23 00:03:52:94:5d:80 -77
1308679637.23 00:03:52:8b:85:00 -83
1308679637.23 00:1e:e5:f7:29:df -83
1308679637.23 00:03:52:8b:8b:60 -88
1308679637.23 00:03:52:8b:87:50 -88
1308679637.23 00:03:52:8b:8c:e0 -69
1308679637.23 00:03:52:8f:73:00 -44
1308679637.23 40:4a:03:de:74:a0 -52
1308679637.23 00:1a:70:f0:9c:4f -85
1308679637.23 00:03:52:8b:8d:10 -78
1308679637.23 00:03:52:8b:2c:e0 -86
1308679637.23 00:03:52:8b:2a:60 -84
1308679637.23 00:03:52:8b:2e:a0 -78
1308679637.23 40:4a:03:de:cd:fe -51
1308679637.23 00:03:52:8a:e8:70 -88
1308679637.23 00:03:52:8b:24:c0 -72
1308679637.23 1e:a1:e7:08:c2:b8 -88
1308679640.38 00:80:48:51:e8:74 -85
1308679640.38 00:03:52:8b:5f:60 -83
1308679640.38 00:03:52:94:5d:80 -77
1308679640.38 00:1e:e5:f7:29:df -83
1308679640.38 00:03:52:8b:8b:60 -88
1308679640.38 40:4a:03:de:74:a0 -52
1308679640.38 00:03:52:8b:87:50 -87
1308679640.38 00:03:52:8b:85:00 -90
1308679640.38 00:03:52:8b:8c:e0 -67
1308679640.38 00:03:52:8f:73:00 -41
1308679640.38 00:1a:70:f0:9c:4f -81
1308679640.38 00:03:52:8b:8d:10 -83
1308679640.38 00:03:52:8b:2c:e0 -91
1308679640.38 00:03:52:8b:2a:60 -89
1308679640.38 00:03:52:8b:2e:a0 -73
1308679640.38 40:4a:03:de:cd:fe -52
1308679640.38 00:03:52:8a:e8:70 -86
1308679640.38 00:03:52:8b:24:c0 -76
1308679640.38 1e:a1:e7:08:c2:b8 -88
1308679643.55 00:80:48:51:e8:74 -85
1308679643.55 00:03:52:8b:5f:60 -83
1308679643.55 00:03:52:94:5d:80 -77
1308679643.55 00:1e:e5:f7:29:df -83
1308679643.55 00:03:52:8a:e8:70 -86
1308679643.55 00:1a:70:f0:9c:4f -81
1308679643.55 00:03:52:8b:85:00 -90
1308679643.55 00:03:52:8b:87:50 -87
1308679643.55 00:03:52:8b:8c:e0 -74
1308679643.55 00:03:52:8f:73:00 -36
1308679643.55 40:4a:03:de:74:a0 -50
1308679643.55 00:03:52:8b:8d:10 -78
1308679643.55 00:03:52:8b:2c:e0 -89
1308679643.55 00:03:52:8b:2a:60 -85
1308679643.55 00:03:52:8b:8b:60 -86
1308679643.55 00:03:52:8b:2e:a0 -81
1308679643.55 40:4a:03:de:cd:fe -55
1308679643.55 00:03:52:8b:24:c0 -83
1308679643.55 1e:a1:e7:08:c2:b8 -88
1308679646.71 00:80:48:51:e8:74 -85
1308679646.71 00:03:52:8b:5f:60 -83
1308679646.71 00:03:52:94:5d:80 -77
1308679646.71 00:1e:e5:f7:29:df -83
1308679646.71 00:1a:70:f0:9c:4f -81
1308679646.71 00:03:52:8b:85:00 -90
1308679646.71 00:03:52:8b:87:50 -87
1308679646.71 00:03:52:8b:2e:a0 -81
1308679646.71 00:03:52:8b:2a:60 -85
1308679646.71 00:03:52:8b:2c:e0 -89
1308679646.71 00:03:52:8b:8c:e0 -67
1308679646.71 00:03:52:8f:73:00 -44
1308679646.71 40:4a:03:de:74:a0 -58
1308679646.71 00:03:52:8b:8d:10 -83
1308679646.71 00:03:52:8b:8b:60 -87
1308679646.71 40:4a:03:de:cd:fe -56
1308679646.71 00:03:52:8a:e8:70 -88
1308679646.71 00:03:52:8b:24:c0 -85
1308679646.71 1e:a1:e7:08:c2:b8 -88
1308679650.04 00:80:48:51:e8:74 -85
1308679650.04 00:03:52:8b:5f:60 -83
1308679650.04 00:03:52:94:5d:80 -77
1308679650.04 00:1e:e5:f7:29:df -83
1308679650.04 00:1a:70:f0:9c:4f -81
1308679650.04 00:03:52:8b:85:00 -90
1308679650.04 00:03:52:8b:87:50 -87
1308679650.04 00:03:52:8b:2c:e0 -89
1308679650.04 00:03:52:8b:8b:60 -87
1308679650.04 00:03:52:8b:8c:e0 -69
1308679650.04 00:03:52:8f:73:00 -38
1308679650.04 40:4a:03:de:74:a0 -60
1308679650.04 00:03:52:8b:8d:10 -82
1308679650.04 00:03:52:8b:2a:60 -85
1308679650.04 00:03:52:8b:2e:a0 -87
1308679650.04 40:4a:03:de:cd:fe -61
1308679650.04 00:03:52:8a:e8:70 -91
1308679650.04 00:03:52:8b:24:c0 -85
1308679650.04 1e:a1:e7:08:c2:b8 -88
1308679653.18 00:80:48:51:e8:74 -85
1308679653.18 00:03:52:8b:5f:60 -83
1308679653.18 00:03:52:94:5d:80 -77
1308679653.18 00:1e:e5:f7:29:df -83
1308679653.18 00:03:52:8b:85:00 -90
1308679653.18 00:03:52:8b:87:50 -75
1308679653.18 00:03:52:8b:8c:e0 -69
1308679653.18 00:03:52:8f:73:00 -41
1308679653.18 00:1a:70:f0:9c:4f -87
1308679653.18 40:4a:03:de:74:a0 -54
1308679653.18 00:1e:e5:f6:f6:ed -86
1308679653.18 00:03:52:8b:8d:10 -76
1308679653.18 00:03:52:8b:2c:e0 -88
1308679653.18 00:03:52:8b:2a:60 -85
1308679653.18 00:03:52:8b:8b:60 -80
1308679653.18 00:03:52:8b:2e:a0 -77
1308679653.18 40:4a:03:de:cd:fe -55
1308679653.18 00:03:52:8a:e8:70 -85
1308679653.18 00:03:52:8b:24:c0 -81
1308679656.32 00:03:52:8b:5f:60 -83
1308679656.32 00:03:52:94:5d:80 -77
1308679656.32 00:1e:e5:f7:29:df -83
1308679656.32 00:03:52:8b:85:00 -90
1308679656.32 00:03:52:8b:8b:60 -80
1308679656.32 00:03:52:8b:2a:60 -85
1308679656.32 00:03:52:8b:8d:10 -76
1308679656.32 00:1a:70:f0:9c:4f -87
1308679656.32 00:03:52:8b:87:50 -75
1308679656.32 00:03:52:8b:8c:e0 -69
1308679656.32 00:03:52:8f:73:00 -48
1308679656.32 40:4a:03:de:74:a0 -83
1308679656.32 00:1e:e5:f6:f6:ed -85
1308679656.32 00:03:52:8b:2c:e0 -82
1308679656.32 00:03:52:8b:2e:a0 -70
1308679656.32 40:4a:03:de:cd:fe -57
1308679656.32 00:03:52:8b:24:c0 -86
1308679656.32 00:03:52:8a:e8:70 -78
1308679659.5 00:03:52:94:5d:80 -77
1308679659.5 00:1e:e5:f7:29:df -83
1308679659.5 00:03:52:8b:85:00 -90
1308679659.5 00:03:52:8b:8d:10 -76
1308679659.5 00:1a:70:f0:9c:4f -87
1308679659.5 00:1e:e5:f6:f6:ed -85
1308679659.5 00:03:52:8b:87:20 -87
1308679659.5 00:03:52:8b:87:50 -75
1308679659.5 00:03:52:8b:8c:e0 -62
1308679659.5 00:03:52:8f:73:00 -50
1308679659.5 40:4a:03:de:74:a0 -63
1308679659.5 00:24:01:e0:d1:7d -83
1308679659.5 00:03:52:8b:2a:60 -84
1308679659.5 00:03:52:8b:2c:e0 -71
1308679659.5 00:03:52:8b:8b:60 -77
1308679659.5 00:03:52:8b:2e:a0 -70
1308679659.5 40:4a:03:de:cd:fe -60
1308679659.5 00:03:52:8b:24:c0 -84
1308679659.5 00:03:52:8a:e8:70 -73
1308679662.77 00:1e:e5:f7:29:df -83
1308679662.77 00:03:52:8b:85:00 -90
1308679662.77 00:03:52:8b:8d:10 -76
1308679662.77 00:1a:70:f0:9c:4f -87
1308679662.77 00:1e:e5:f6:f6:ed -85
1308679662.77 00:03:52:8b:8b:60 -77
1308679662.77 00:03:52:8b:87:50 -75
1308679662.77 00:03:52:8b:24:c0 -86
1308679662.77 00:03:52:8b:8c:e0 -64
1308679662.77 00:03:52:8f:73:00 -52
1308679662.77 40:4a:03:de:74:a0 -69
1308679662.77 00:24:01:e0:d1:7d -84
1308679662.77 00:03:52:8b:2c:e0 -74
1308679662.77 00:03:52:8b:2a:60 -75
1308679662.77 00:03:52:8b:2e:a0 -65
1308679662.77 40:4a:03:de:cd:fe -69
1308679662.77 00:03:52:94:5d:80 -85
1308679662.77 00:03:52:8a:e8:70 -77
1308679662.77 00:03:52:8b:87:20 -78
1308679666.38 00:03:52:8b:85:00 -90
1308679666.38 00:03:52:8b:8d:10 -76
1308679666.38 00:1a:70:f0:9c:4f -87
1308679666.38 00:1e:e5:f6:f6:ed -85
1308679666.38 00:03:52:8b:87:20 -78
1308679666.38 00:03:52:94:5d:80 -85
1308679666.38 00:03:52:8b:8c:e0 -64
1308679666.38 00:03:52:8b:87:50 -80
1308679666.38 00:03:52:8f:73:00 -49
1308679666.38 00:24:01:e0:d1:7d -87
1308679666.38 40:4a:03:de:74:a0 -69
1308679666.38 00:03:52:8b:2c:e0 -80
1308679666.38 00:1e:e5:f7:29:df -88
1308679666.38 00:03:52:8b:2a:60 -75
1308679666.38 00:03:52:8b:8b:60 -78
1308679666.38 00:03:52:8b:2e:a0 -73
1308679666.38 40:4a:03:de:cd:fe -72
1308679666.38 00:03:52:8b:24:c0 -81
1308679666.38 00:03:52:8a:e8:70 -66
1308679670.06 00:03:52:8b:85:00 -90
1308679670.06 00:03:52:8b:8d:10 -76
1308679670.06 00:1a:70:f0:9c:4f -87
1308679670.06 00:1e:e5:f6:f6:ed -85
1308679670.06 00:03:52:8b:87:20 -78
1308679670.06 00:03:52:94:5d:80 -85
1308679670.06 00:24:01:e0:d1:7d -87
1308679670.06 00:03:52:8b:24:c0 -90
1308679670.06 00:03:52:8b:87:50 -78
1308679670.06 00:03:52:8b:8c:e0 -63
1308679670.06 00:03:52:8f:73:00 -41
1308679670.06 40:4a:03:de:74:a0 -71
1308679670.06 00:03:52:8b:2a:60 -78
1308679670.06 00:03:52:8b:2c:e0 -69
1308679670.06 00:1e:e5:f7:29:df -80
1308679670.06 00:03:52:8b:8b:60 -82
1308679670.06 00:03:52:8b:2e:a0 -67
1308679670.06 40:4a:03:de:cd:fe -74
1308679670.06 00:03:52:8a:e8:70 -68
1308679673.65 00:03:52:8b:85:00 -90
1308679673.65 00:03:52:8b:8d:10 -76
1308679673.65 00:1a:70:f0:9c:4f -87
1308679673.65 00:1e:e5:f6:f6:ed -85
1308679673.65 00:03:52:94:5d:80 -85
1308679673.65 00:1e:e5:f7:29:df -80
1308679673.65 00:03:52:8b:24:c0 -87
1308679673.65 00:03:52:8b:87:20 -79
1308679673.65 00:03:52:8b:87:50 -74
1308679673.65 00:03:52:8b:8c:e0 -68
1308679673.65 00:03:52:8f:73:00 -53
1308679673.65 00:24:01:e0:d1:7d -88
1308679673.65 40:4a:03:de:74:a0 -71
1308679673.65 00:03:52:8b:2c:e0 -80
1308679673.65 00:03:52:8b:2a:60 -79
1308679673.65 00:03:52:8b:8b:60 -79
1308679673.65 00:03:52:8b:2e:a0 -63
1308679673.65 40:4a:03:de:cd:fe -71
1308679673.65 00:03:52:8a:e8:70 -63
1308679676.99 00:03:52:8b:85:00 -90
1308679676.99 00:03:52:8b:8d:10 -76
1308679676.99 00:1a:70:f0:9c:4f -87
1308679676.99 00:03:52:94:5d:80 -85
1308679676.99 40:4a:03:de:74:a0 -71
1308679676.99 00:24:01:e0:d1:7d -88
1308679676.99 00:03:52:8b:87:20 -79
1308679676.99 00:03:52:8b:87:50 -72
1308679676.99 00:03:52:8b:8c:e0 -71
1308679676.99 00:1e:e5:f6:f6:ed -83
1308679676.99 00:03:52:8f:73:00 -65
1308679676.99 00:03:52:8b:24:c0 -90
1308679676.99 00:03:52:8b:2c:e0 -73
1308679676.99 00:03:52:8b:2a:60 -80
1308679676.99 00:03:52:8b:8b:60 -75
1308679676.99 00:1e:e5:f7:29:df -75
1308679676.99 00:03:52:8b:2e:a0 -49
1308679676.99 40:4a:03:de:cd:fe -71
1308679676.99 00:03:52:8a:e8:70 -61
1308679680.48 00:03:52:8b:85:00 -90
1308679680.48 00:03:52:8b:8d:10 -76
1308679680.48 00:1a:70:f0:9c:4f -87
1308679680.48 00:03:52:94:5d:80 -85
1308679680.48 40:4a:03:de:74:a0 -71
1308679680.48 00:24:01:e0:d1:7d -88
1308679680.48 00:1e:e5:f7:29:df -75
1308679680.48 00:03:52:8b:87:20 -80
1308679680.48 00:03:52:8b:87:50 -66
1308679680.48 00:03:52:8b:8c:e0 -75
1308679680.48 00:03:52:8f:73:00 -59
1308679680.48 00:1e:e5:f6:f6:ed -75
1308679680.48 00:03:52:8b:2c:e0 -72
1308679680.48 00:03:52:8b:2a:60 -75
1308679680.48 00:03:52:8b:8b:60 -64
1308679680.48 00:03:52:8b:2e:a0 -57
1308679680.48 40:4a:03:de:cd:fe -77
1308679680.48 00:03:52:8b:24:c0 -90
1308679680.48 00:03:52:8a:e8:70 -69
1308679684.02 00:03:52:8b:85:00 -90
1308679684.02 00:03:52:8b:8d:10 -76
1308679684.02 00:1a:70:f0:9c:4f -87
1308679684.02 00:03:52:94:5d:80 -85
1308679684.02 40:4a:03:de:74:a0 -71
1308679684.02 00:03:52:8b:24:c0 -90
1308679684.02 00:03:52:8b:8b:60 -64
1308679684.02 00:1e:e5:f6:f6:ed -75
1308679684.02 00:03:52:8b:8c:e0 -75
1308679684.02 00:03:52:8b:87:20 -80
1308679684.02 00:03:52:8b:87:50 -62
1308679684.02 00:03:52:8f:73:00 -64
1308679684.02 00:24:01:e0:d1:7d -86
1308679684.02 00:03:52:8b:2c:e0 -71
1308679684.02 00:03:52:8b:2a:60 -76
1308679684.02 00:1e:e5:f7:29:df -72
1308679684.02 00:03:52:8b:2e:a0 -53
1308679684.02 40:4a:03:de:cd:fe -74
1308679684.02 00:03:52:8a:e8:70 -76
1308679687.63 00:03:52:8b:8d:10 -76
1308679687.63 00:1a:70:f0:9c:4f -87
1308679687.63 40:4a:03:de:74:a0 -71
1308679687.63 00:03:52:8b:24:c0 -90
1308679687.63 40:4a:03:de:cd:fe -74
1308679687.63 00:03:52:8f:73:00 -64
1308679687.63 00:03:52:8b:87:50 -57
1308679687.63 00:03:52:8b:8c:e0 -63
1308679687.63 00:24:01:e0:d1:7d -85
1308679687.63 00:03:52:8b:2c:e0 -79
1308679687.63 00:1e:e5:f6:f6:ed -79
1308679687.63 00:03:52:8b:8b:60 -63
1308679687.63 00:1e:e5:f7:29:df -72
1308679687.63 00:03:52:8b:2a:60 -69
1308679687.63 00:03:52:8b:2e:a0 -62
1308679687.63 00:03:52:94:5d:80 -88
1308679687.63 00:03:52:8b:87:20 -79
1308679687.63 00:03:52:8a:e8:70 -78
1308679687.63 1e:a1:e7:08:c2:b8 -91
1308679691.23 00:1a:70:f0:9c:4f -87
1308679691.23 40:4a:03:de:74:a0 -71
1308679691.23 00:03:52:8b:24:c0 -90
1308679691.23 40:4a:03:de:cd:fe -74
1308679691.23 00:03:52:94:5d:80 -88
1308679691.23 00:1e:e5:f7:29:df -72
1308679691.23 00:03:52:8b:87:50 -56
1308679691.23 00:03:52:8b:8c:e0 -73
1308679691.23 00:03:52:8f:73:00 -58
1308679691.23 00:24:01:e0:d1:7d -77
1308679691.23 00:03:52:8b:8d:10 -81
1308679691.23 00:1e:e5:f6:f6:ed -67
1308679691.23 00:03:52:8b:2c:e0 -82
1308679691.23 00:03:52:8b:2a:60 -66
1308679691.23 00:03:52:8b:8b:60 -61
1308679691.23 00:03:52:8b:2e:a0 -69
1308679691.23 00:03:52:8b:87:20 -74
1308679691.23 00:03:52:8a:e8:70 -77
1308679691.23 1e:a1:e7:08:c2:b8 -91
1308679694.82 00:1a:70:f0:9c:4f -87
1308679694.82 40:4a:03:de:74:a0 -71
1308679694.82 00:03:52:8b:24:c0 -90
1308679694.82 00:03:52:94:5d:80 -88
1308679694.82 00:1e:e5:f7:29:df -72
1308679694.82 00:03:52:8b:2c:e0 -82
1308679694.82 00:03:52:8f:73:00 -58
1308679694.82 00:03:52:8b:8c:e0 -73
1308679694.82 00:03:52:8b:87:50 -54
1308679694.82 00:24:01:e0:d1:7d -82
1308679694.82 00:03:52:8b:8d:10 -78
1308679694.82 00:1e:e5:f6:f6:ed -66
1308679694.82 00:03:52:8b:2a:60 -69
1308679694.82 00:03:52:8b:8b:60 -50
1308679694.82 40:4a:03:de:cd:fe -82
1308679694.82 00:03:52:8b:2e:a0 -75
1308679694.82 00:03:52:8b:87:20 -70
1308679694.82 00:03:52:8a:e8:70 -78
1308679694.82 1e:a1:e7:08:c2:b8 -91
1308679697.93 00:1a:70:f0:9c:4f -87
1308679697.93 40:4a:03:de:74:a0 -71
1308679697.93 00:03:52:8b:24:c0 -90
1308679697.93 00:03:52:94:5d:80 -88
1308679697.93 40:4a:03:de:cd:fe -82
1308679697.93 00:03:52:8b:87:50 -54
1308679697.93 00:03:52:8b:87:20 -71
1308679697.93 00:03:52:8b:8c:e0 -70
1308679697.93 00:03:52:8f:73:00 -73
1308679697.93 00:24:01:e0:d1:7d -84
1308679697.93 00:1e:e5:f6:f6:ed -72
1308679697.93 00:03:52:8b:8d:10 -74
1308679697.93 00:03:52:8b:2c:e0 -84
1308679697.93 00:03:52:8b:2a:60 -65
1308679697.93 00:03:52:8b:8b:60 -50
1308679697.93 00:1e:e5:f7:29:df -72
1308679697.93 00:03:52:8b:2e:a0 -73
1308679697.93 00:03:52:8a:e8:70 -75
1308679697.93 1e:a1:e7:08:c2:b8 -91
1308679701.05 00:1a:70:f0:9c:4f -87
1308679701.05 40:4a:03:de:74:a0 -71
1308679701.05 00:03:52:8b:24:c0 -90
1308679701.05 00:03:52:94:5d:80 -88
1308679701.05 40:4a:03:de:cd:fe -82
1308679701.05 00:1e:e5:f7:29:df -72
1308679701.05 00:1e:e5:f6:f6:ed -72
1308679701.05 00:03:52:8b:87:50 -67
1308679701.05 00:03:52:8b:8c:e0 -81
1308679701.05 00:03:52:8f:73:00 -75
1308679701.05 00:24:01:e0:d1:7d -75
1308679701.05 00:03:52:8b:8d:10 -78
1308679701.05 00:03:52:8b:2c:e0 -86
1308679701.05 00:03:52:8b:2a:60 -69
1308679701.05 00:03:52:8b:8b:60 -52
1308679701.05 00:03:52:8b:2e:a0 -79
1308679701.05 00:03:52:8b:87:20 -72
1308679701.05 00:03:52:8a:e8:70 -76
1308679701.05 1e:a1:e7:08:c2:b8 -91
1308679704.16 00:1a:70:f0:9c:4f -87
1308679704.16 40:4a:03:de:74:a0 -71
1308679704.16 00:03:52:8b:24:c0 -90
1308679704.16 00:03:52:94:5d:80 -88
1308679704.16 40:4a:03:de:cd:fe -82
1308679704.16 00:03:52:8a:e8:70 -76
1308679704.16 00:03:52:8b:2c:e0 -86
1308679704.16 00:03:52:8b:8d:10 -78
1308679704.16 00:03:52:8b:87:50 -67
1308679704.16 00:03:52:8b:8c:e0 -67
1308679704.16 00:03:52:8f:73:00 -71
1308679704.16 00:24:01:e0:d1:7d -82
1308679704.16 00:1e:e5:f6:f6:ed -69
1308679704.16 00:03:52:8b:2a:60 -60
1308679704.16 00:03:52:8b:8b:60 -59
1308679704.16 00:03:52:8b:2e:a0 -79
1308679704.16 00:1e:e5:f7:29:df -67
1308679704.16 00:03:52:8b:87:20 -64
1308679704.16 1e:a1:e7:08:c2:b8 -91
1308679707.27 00:1a:70:f0:9c:4f -87
1308679707.27 40:4a:03:de:74:a0 -71
1308679707.27 00:03:52:8b:24:c0 -90
1308679707.27 00:03:52:94:5d:80 -88
1308679707.27 40:4a:03:de:cd:fe -82
1308679707.27 00:03:52:8b:2c:e0 -86
1308679707.27 00:1e:e5:f7:29:df -67
1308679707.27 00:03:52:8b:87:50 -70
1308679707.27 00:03:52:8b:8c:e0 -75
1308679707.27 00:03:52:8f:73:00 -68
1308679707.27 00:24:01:e0:d1:7d -87
1308679707.27 00:03:52:8b:8d:10 -74
1308679707.27 00:1e:e5:f6:f6:ed -70
1308679707.27 00:03:52:8b:2a:60 -62
1308679707.27 00:03:52:8b:8b:60 -63
1308679707.27 00:03:52:8b:2e:a0 -75
1308679707.27 00:03:52:8a:e8:70 -79
1308679707.27 00:03:52:8b:87:20 -67
1308679707.27 1e:a1:e7:08:c2:b8 -91
1308679710.38 00:1a:70:f0:9c:4f -87
1308679710.38 40:4a:03:de:74:a0 -71
1308679710.38 00:03:52:8b:24:c0 -90
1308679710.38 00:03:52:94:5d:80 -88
1308679710.38 00:03:52:8b:87:20 -67
1308679710.38 00:03:52:8b:87:50 -65
1308679710.38 00:03:52:8b:8c:e0 -68
1308679710.38 00:03:52:8f:73:00 -63
1308679710.38 00:24:01:e0:d1:7d -85
1308679710.38 00:03:52:8b:8d:10 -71
1308679710.38 00:1e:e5:f6:f6:ed -69
1308679710.38 00:03:52:8b:2c:e0 -78
1308679710.38 00:1e:e5:f7:29:df -69
1308679710.38 00:03:52:8b:2a:60 -60
1308679710.38 00:03:52:8b:8b:60 -62
1308679710.38 40:4a:03:de:cd:fe -75
1308679710.38 00:03:52:8b:2e:a0 -72
1308679710.38 00:03:52:8a:e8:70 -67
1308679710.38 1e:a1:e7:08:c2:b8 -91
1308679713.49 00:1a:70:f0:9c:4f -87
1308679713.49 00:03:52:8b:24:c0 -90
1308679713.49 00:03:52:94:5d:80 -88
1308679713.49 00:03:52:8a:e8:70 -67
1308679713.49 00:03:52:8b:2e:a0 -72
1308679713.49 40:4a:03:de:cd:fe -75
1308679713.49 00:03:52:8b:2c:e0 -78
1308679713.49 00:03:52:8b:87:50 -65
1308679713.49 00:03:52:8b:87:20 -59
1308679713.49 40:4a:03:de:74:a0 -85
1308679713.49 00:03:52:8b:8c:e0 -68
1308679713.49 00:03:52:8f:73:00 -69
1308679713.49 00:24:01:e0:d1:7d -85
1308679713.49 00:03:52:8b:8d:10 -63
1308679713.49 00:1e:e5:f6:f6:ed -78
1308679713.49 00:03:52:8b:2a:60 -57
1308679713.49 00:1e:e5:f7:29:df -75
1308679713.49 00:03:52:8b:8b:60 -69
1308679713.49 1e:a1:e7:08:c2:b8 -90
1308679716.59 00:1a:70:f0:9c:4f -87
1308679716.59 00:03:52:8b:24:c0 -90
1308679716.59 00:03:52:94:5d:80 -88
1308679716.59 40:4a:03:de:cd:fe -75
1308679716.59 00:03:52:8b:8b:60 -69
1308679716.59 00:1e:e5:f6:f6:ed -78
1308679716.59 00:24:01:e0:d1:7d -85
1308679716.59 40:4a:03:de:74:a0 -85
1308679716.59 00:03:52:8b:87:50 -69
1308679716.59 00:03:52:8b:85:00 -87
1308679716.59 00:03:52:8b:8c:e0 -77
1308679716.59 00:03:52:8f:73:00 -67
1308679716.59 00:03:52:8b:8d:10 -68
1308679716.59 00:03:52:8b:2c:e0 -83
1308679716.59 00:03:52:8b:2a:60 -52
1308679716.59 00:1e:e5:f7:29:df -71
1308679716.59 00:03:52:8b:2e:a0 -74
1308679716.59 00:03:52:8b:87:20 -56
1308679716.59 00:03:52:8a:e8:70 -77
1308679716.59 1e:a1:e7:08:c2:b8 -90
1308679719.7 00:03:52:8b:24:c0 -90
1308679719.7 00:03:52:94:5d:80 -88
1308679719.7 40:4a:03:de:cd:fe -75
1308679719.7 00:1e:e5:f6:f6:ed -78
1308679719.7 40:4a:03:de:74:a0 -85
1308679719.7 00:03:52:8a:e8:70 -77
1308679719.7 00:03:52:8b:85:00 -87
1308679719.7 00:03:52:8b:87:50 -75
1308679719.7 00:03:52:8b:8c:e0 -73
1308679719.7 00:03:52:8f:73:00 -71
1308679719.7 00:24:01:e0:d1:7d -81
1308679719.7 00:03:52:8b:8d:10 -71
1308679719.7 00:03:52:8b:2c:e0 -79
1308679719.7 00:03:52:8b:2a:60 -63
1308679719.7 00:03:52:8b:8b:60 -64
1308679719.7 00:1e:e5:f7:29:df -71
1308679719.7 00:03:52:8b:2e:a0 -68
1308679719.7 00:03:52:8b:87:20 -63
1308679719.7 1e:a1:e7:08:c2:b8 -90
1308679722.81 00:03:52:8b:24:c0 -90
1308679722.81 00:03:52:94:5d:80 -88
1308679722.81 40:4a:03:de:cd:fe -75
1308679722.81 40:4a:03:de:74:a0 -85
1308679722.81 00:03:52:8a:e8:70 -77
1308679722.81 00:03:52:8b:85:00 -87
1308679722.81 00:1e:e5:f7:29:df -71
1308679722.81 00:24:01:e0:d1:7d -81
1308679722.81 00:03:52:8f:73:00 -71
1308679722.81 00:03:52:8b:87:50 -69
1308679722.81 00:03:52:8b:8c:e0 -72
1308679722.81 00:1e:e5:f6:f6:ed -79
1308679722.81 00:03:52:8b:8d:10 -69
1308679722.81 00:03:52:8b:2c:e0 -82
1308679722.81 00:03:52:8b:2a:60 -73
1308679722.81 00:03:52:8b:8b:60 -72
1308679722.81 00:03:52:8b:2e:a0 -80
1308679722.81 00:03:52:8b:87:20 -73
1308679722.81 1e:a1:e7:08:c2:b8 -90
1308679725.92 00:03:52:8b:24:c0 -90
1308679725.92 00:03:52:94:5d:80 -88
1308679725.92 40:4a:03:de:cd:fe -75
1308679725.92 00:03:52:8b:85:00 -87
1308679725.92 00:1e:e5:f6:f6:ed -79
1308679725.92 00:03:52:8b:87:50 -74
1308679725.92 00:03:52:8b:87:20 -73
1308679725.92 00:03:52:8b:8c:e0 -62
1308679725.92 00:03:52:8f:73:00 -67
1308679725.92 40:4a:03:de:74:a0 -79
1308679725.92 00:24:01:e0:d1:7d -75
1308679725.92 00:03:52:8b:8d:10 -76
1308679725.92 00:03:52:8b:2c:e0 -75
1308679725.92 00:03:52:8b:2a:60 -67
1308679725.92 00:1e:e5:f7:29:df -74
1308679725.92 00:03:52:8b:8b:60 -67
1308679725.92 00:03:52:8b:2e:a0 -73
1308679725.92 00:03:52:8a:e8:70 -79
1308679725.92 1e:a1:e7:08:c2:b8 -90
1308679729.03 00:03:52:8b:24:c0 -90
1308679729.03 00:03:52:94:5d:80 -88
1308679729.03 40:4a:03:de:cd:fe -75
1308679729.03 00:03:52:8b:85:00 -87
1308679729.03 00:03:52:8b:8b:60 -67
1308679729.03 40:4a:03:de:74:a0 -79
1308679729.03 00:03:52:8b:87:50 -78
1308679729.03 00:03:52:8b:8c:e0 -76
1308679729.03 00:03:52:8f:73:00 -62
1308679729.03 00:1e:e5:f6:f6:ed -88
1308679729.03 00:24:01:e0:d1:7d -86
1308679729.03 00:03:52:8b:8d:10 -80
1308679729.03 00:03:52:8b:2c:e0 -81
1308679729.03 00:03:52:8b:2a:60 -67
1308679729.03 00:1e:e5:f7:29:df -70
1308679729.03 00:03:52:8b:2e:a0 -64
1308679729.03 00:03:52:8b:87:20 -71
1308679729.03 00:03:52:8a:e8:70 -77
1308679729.03 1e:a1:e7:08:c2:b8 -90
1308679732.14 00:03:52:8b:24:c0 -90
1308679732.14 00:03:52:94:5d:80 -88
1308679732.14 00:03:52:8b:85:00 -87
1308679732.14 00:03:52:8b:8b:60 -67
1308679732.14 00:1e:e5:f7:29:df -70
1308679732.14 00:03:52:8b:87:20 -78
1308679732.14 00:03:52:8b:87:50 -69
1308679732.14 00:03:52:8b:8c:e0 -73
1308679732.14 00:03:52:8f:73:00 -58
1308679732.14 40:4a:03:de:74:a0 -70
1308679732.14 00:24:01:e0:d1:7d -78
1308679732.14 00:1e:e5:f6:f6:ed -85
1308679732.14 00:03:52:8b:8d:10 -85
1308679732.14 00:03:52:8b:2c:e0 -78
1308679732.14 00:03:52:8b:2a:60 -74
1308679732.14 00:03:52:8b:2e:a0 -66
1308679732.14 40:4a:03:de:cd:fe -66
1308679732.14 00:03:52:8a:e8:70 -76
1308679732.14 1e:a1:e7:08:c2:b8 -90
1308679735.25 00:03:52:94:5d:80 -88
1308679735.25 00:03:52:8b:85:00 -87
1308679735.25 00:24:01:e0:d1:7d -78
1308679735.25 00:03:52:8b:87:20 -90
1308679735.25 00:03:52:8b:87:50 -80
1308679735.25 00:03:52:8b:8c:e0 -67
1308679735.25 00:03:52:8f:73:00 -46
1308679735.25 40:4a:03:de:74:a0 -62
1308679735.25 00:03:52:8b:8d:10 -85
1308679735.25 00:1e:e5:f6:f6:ed -83
1308679735.25 00:03:52:8b:2c:e0 -81
1308679735.25 00:03:52:8b:2a:60 -82
1308679735.25 00:1e:e5:f7:29:df -79
1308679735.25 00:03:52:8b:8b:60 -83
1308679735.25 00:03:52:8b:2e:a0 -78
1308679735.25 40:4a:03:de:cd:fe -60
1308679735.25 00:03:52:8a:e8:70 -78
1308679735.25 00:03:52:8b:24:c0 -81
1308679735.25 1e:a1:e7:08:c2:b8 -90
1308679738.36 00:03:52:94:5d:80 -88
1308679738.36 00:03:52:8b:85:00 -87
1308679738.36 00:24:01:e0:d1:7d -78
1308679738.36 00:03:52:8b:2a:60 -82
1308679738.36 00:1e:e5:f6:f6:ed -83
1308679738.36 00:03:52:8b:87:20 -86
1308679738.36 00:03:52:8b:87:50 -85
1308679738.36 00:03:52:8b:8c:e0 -64
1308679738.36 00:03:52:8f:73:00 -46
1308679738.36 40:4a:03:de:74:a0 -56
1308679738.36 00:03:52:8b:8d:10 -79
1308679738.36 00:03:52:8b:2c:e0 -82
1308679738.36 00:1e:e5:f7:29:df -87
1308679738.36 00:03:52:8b:8b:60 -87
1308679738.36 00:03:52:8b:2e:a0 -76
1308679738.36 40:4a:03:de:cd:fe -64
1308679738.36 00:03:52:8b:24:c0 -85
1308679738.36 00:03:52:8a:e8:70 -86
1308679738.36 1e:a1:e7:08:c2:b8 -90
1308679741.47 00:03:52:8b:85:00 -87
1308679741.47 00:24:01:e0:d1:7d -78
1308679741.47 00:03:52:8b:2a:60 -82
1308679741.47 00:1e:e5:f6:f6:ed -83
1308679741.47 00:03:52:8b:8b:60 -87
1308679741.47 00:1e:e5:f7:29:df -87
1308679741.47 00:03:52:8b:87:50 -85
1308679741.47 00:03:52:8b:87:20 -83
1308679741.47 00:03:52:8b:8c:e0 -72
1308679741.47 00:03:52:8f:73:00 -47
1308679741.47 00:1a:70:f0:9c:4f -84
1308679741.47 00:03:52:8b:8d:10 -80
1308679741.47 40:4a:03:de:74:a0 -45
1308679741.47 00:03:52:8b:2c:e0 -86
1308679741.47 00:03:52:8b:2e:a0 -75
1308679741.47 40:4a:03:de:cd:fe -56
1308679741.47 00:03:52:8a:e8:70 -80
1308679741.47 00:03:52:8b:24:c0 -78
1308679741.47 1e:a1:e7:08:c2:b8 -90
1308679744.58 00:03:52:8b:85:00 -87
1308679744.58 00:24:01:e0:d1:7d -78
1308679744.58 00:1e:e5:f6:f6:ed -83
1308679744.58 00:1e:e5:f7:29:df -87
1308679744.58 00:03:52:8b:87:50 -85
1308679744.58 00:03:52:8b:24:c0 -78
1308679744.58 00:1a:70:f0:9c:4f -84
1308679744.58 00:03:52:8b:87:20 -83
1308679744.58 00:03:52:8b:8c:e0 -74
1308679744.58 00:03:52:8f:73:00 -37
1308679744.58 40:4a:03:de:74:a0 -56
1308679744.58 00:03:52:8b:8d:10 -80
1308679744.58 00:03:52:8b:2c:e0 -81
1308679744.58 00:03:52:8b:2a:60 -82
1308679744.58 00:03:52:8b:8b:60 -81
1308679744.58 00:03:52:8b:2e:a0 -73
1308679744.58 40:4a:03:de:cd:fe -53
1308679744.58 00:03:52:8a:e8:70 -72
1308679744.58 1e:a1:e7:08:c2:b8 -90
1308679747.69 00:03:52:8b:85:00 -87
1308679747.69 00:24:01:e0:d1:7d -78
1308679747.69 00:1e:e5:f7:29:df -87
1308679747.69 00:03:52:8b:87:50 -85
1308679747.69 00:1a:70:f0:9c:4f -84
1308679747.69 00:03:52:8b:87:20 -83
1308679747.69 00:03:52:8b:2c:e0 -81
1308679747.69 00:03:52:8b:8c:e0 -69
1308679747.69 00:03:52:8f:73:00 -39
1308679747.69 00:1e:e5:f6:f6:ed -85
1308679747.69 40:4a:03:de:74:a0 -53
1308679747.69 00:03:52:8b:8d:10 -87
1308679747.69 00:03:52:8b:2a:60 -73
1308679747.69 00:03:52:8b:8b:60 -80
1308679747.69 40:4a:03:de:cd:fe -55
1308679747.69 00:03:52:8b:2e:a0 -74
1308679747.69 00:03:52:8b:24:c0 -77
1308679747.69 00:03:52:8a:e8:70 -80
1308679747.69 1e:a1:e7:08:c2:b8 -90
1308679750.79 00:03:52:8b:85:00 -87
1308679750.79 00:24:01:e0:d1:7d -78
1308679750.79 00:1e:e5:f7:29:df -87
1308679750.79 00:03:52:8b:87:50 -85
1308679750.79 00:1a:70:f0:9c:4f -84
1308679750.79 00:03:52:8b:87:20 -83
1308679750.79 00:03:52:8b:8b:60 -80
1308679750.79 00:03:52:8b:2a:60 -73
1308679750.79 00:03:52:8b:8d:10 -87
1308679750.79 00:1e:e5:f6:f6:ed -85
1308679750.79 00:03:52:8b:8c:e0 -57
1308679750.79 00:03:52:8f:73:00 -49
1308679750.79 40:4a:03:de:74:a0 -57
1308679750.79 00:03:52:8b:2c:e0 -74
1308679750.79 40:4a:03:de:cd:fe -54
1308679750.79 00:03:52:8b:2e:a0 -69
1308679750.79 00:03:52:8a:e8:70 -72
1308679750.79 00:03:52:8b:24:c0 -78
1308679750.79 1e:a1:e7:08:c2:b8 -90
1308679753.9 00:03:52:8b:85:00 -87
1308679753.9 00:1e:e5:f7:29:df -87
1308679753.9 00:03:52:8b:87:50 -85
1308679753.9 00:1a:70:f0:9c:4f -84
1308679753.9 00:03:52:8b:87:20 -83
1308679753.9 00:03:52:8b:24:c0 -78
1308679753.9 00:03:52:8b:8c:e0 -57
1308679753.9 00:03:52:8f:73:00 -55
1308679753.9 00:24:01:e0:d1:7d -87
1308679753.9 40:4a:03:de:74:a0 -57
1308679753.9 00:1e:e5:f6:f6:ed -83
1308679753.9 00:03:52:8b:8d:10 -82
1308679753.9 00:03:52:8b:2c:e0 -80
1308679753.9 00:03:52:8b:2a:60 -82
1308679753.9 00:03:52:8b:8b:60 -74
1308679753.9 00:03:52:8b:2e:a0 -67
1308679753.9 40:4a:03:de:cd:fe -63
1308679753.9 00:03:52:8a:e8:70 -76
1308679753.9 1e:a1:e7:08:c2:b8 -90
1308679757.01 00:03:52:8b:85:00 -87
1308679757.01 00:03:52:8b:87:50 -85
1308679757.01 00:1a:70:f0:9c:4f -84
1308679757.01 00:03:52:8b:87:20 -83
1308679757.01 00:03:52:8b:8d:10 -82
1308679757.01 40:4a:03:de:74:a0 -57
1308679757.01 00:24:01:e0:d1:7d -87
1308679757.01 00:03:52:8b:8c:e0 -59
1308679757.01 00:03:52:8f:73:00 -43
1308679757.01 00:1e:e5:f6:f6:ed -88
1308679757.01 00:03:52:8b:2c:e0 -78
1308679757.01 00:1e:e5:f7:29:df -76
1308679757.01 00:03:52:8b:2a:60 -82
1308679757.01 00:03:52:8b:8b:60 -76
1308679757.01 00:03:52:8b:2e:a0 -69
1308679757.01 40:4a:03:de:cd:fe -70
1308679757.01 00:03:52:8b:24:c0 -88
1308679757.01 00:03:52:8a:e8:70 -67
1308679757.01 1e:a1:e7:08:c2:b8 -90
1308679760.12 00:1a:70:f0:9c:4f -84
1308679760.12 00:03:52:8b:87:20 -83
1308679760.12 00:24:01:e0:d1:7d -87
1308679760.12 00:03:52:8b:24:c0 -88
1308679760.12 00:03:52:8b:8b:60 -76
1308679760.12 00:03:52:8b:2a:60 -82
1308679760.12 00:03:52:8f:73:00 -43
1308679760.12 00:03:52:8b:87:50 -84
1308679760.12 00:03:52:8b:8c:e0 -53
1308679760.12 40:4a:03:de:74:a0 -74
1308679760.12 00:03:52:8b:8d:10 -91
1308679760.12 00:1e:e5:f6:f6:ed -84
1308679760.12 00:03:52:8b:2c:e0 -75
1308679760.12 00:1e:e5:f7:29:df -84
1308679760.12 00:03:52:8b:2e:a0 -70
1308679760.12 40:4a:03:de:cd:fe -75
1308679760.12 00:03:52:8a:e8:70 -68
1308679760.12 00:03:52:94:5d:80 -88
1308679763.22 00:1a:70:f0:9c:4f -84
1308679763.22 00:03:52:8b:87:20 -83
1308679763.22 00:24:01:e0:d1:7d -87
1308679763.22 00:03:52:8b:24:c0 -88
1308679763.22 00:03:52:94:5d:80 -88
1308679763.22 00:1e:e5:f7:29:df -84
1308679763.22 00:1e:e5:f6:f6:ed -84
1308679763.22 00:03:52:8b:8d:10 -91
1308679763.22 40:4a:03:de:74:a0 -74
1308679763.22 00:03:52:8b:87:50 -84
1308679763.22 00:03:52:8b:8c:e0 -61
1308679763.22 00:03:52:8f:73:00 -64
1308679763.22 00:03:52:8b:2c:e0 -71
1308679763.22 00:03:52:8b:2a:60 -85
1308679763.22 00:03:52:8b:8b:60 -78
1308679763.22 00:03:52:8b:2e:a0 -64
1308679763.22 40:4a:03:de:cd:fe -75
1308679763.22 00:03:52:8a:e8:70 -71
1308679766.33 00:1a:70:f0:9c:4f -84
1308679766.33 00:24:01:e0:d1:7d -87
1308679766.33 00:03:52:8b:24:c0 -88
1308679766.33 00:03:52:94:5d:80 -88
1308679766.33 00:1e:e5:f7:29:df -84
1308679766.33 00:03:52:8b:8d:10 -91
1308679766.33 40:4a:03:de:74:a0 -74
1308679766.33 40:4a:03:de:cd:fe -75
1308679766.33 00:03:52:8b:2a:60 -85
1308679766.33 00:03:52:8b:87:20 -88
1308679766.33 00:03:52:8b:87:50 -75
1308679766.33 00:03:52:8b:8c:e0 -75
1308679766.33 00:03:52:8f:73:00 -59
1308679766.33 00:1e:e5:f6:f6:ed -88
1308679766.33 00:03:52:8b:2c:e0 -70
1308679766.33 00:03:52:8b:8b:60 -78
1308679766.33 00:03:52:8b:2e:a0 -59
1308679766.33 00:03:52:8a:e8:70 -75
1308679769.45 00:1a:70:f0:9c:4f -84
1308679769.45 00:24:01:e0:d1:7d -87
1308679769.45 00:03:52:8b:24:c0 -88
1308679769.45 00:03:52:94:5d:80 -88
1308679769.45 00:03:52:8b:8d:10 -91
1308679769.45 40:4a:03:de:74:a0 -74
1308679769.45 00:1e:e5:f6:f6:ed -88
1308679769.45 00:03:52:8b:87:50 -75
1308679769.45 00:03:52:8b:87:20 -84
1308679769.45 00:03:52:8b:8c:e0 -72
1308679769.45 00:03:52:8f:73:00 -68
1308679769.45 00:03:52:8b:2a:60 -86
1308679769.45 00:03:52:8b:2c:e0 -60
1308679769.45 00:1e:e5:f7:29:df -75
1308679769.45 00:03:52:8b:8b:60 -82
1308679769.45 40:4a:03:de:cd:fe -79
1308679769.45 00:03:52:8b:2e:a0 -51
1308679769.45 00:03:52:8a:e8:70 -63
1308679772.56 00:1a:70:f0:9c:4f -84
1308679772.56 00:24:01:e0:d1:7d -87
1308679772.56 00:03:52:8b:24:c0 -88
1308679772.56 00:03:52:94:5d:80 -88
1308679772.56 00:03:52:8b:8d:10 -91
1308679772.56 40:4a:03:de:74:a0 -74
1308679772.56 00:1e:e5:f6:f6:ed -88
1308679772.56 00:03:52:8b:8b:60 -82
1308679772.56 00:1e:e5:f7:29:df -75
1308679772.56 00:03:52:8b:87:20 -84
1308679772.56 00:03:52:8b:87:50 -90
1308679772.56 00:03:52:8b:8c:e0 -70
1308679772.56 00:03:52:8f:73:00 -80
1308679772.56 00:03:52:8b:2c:e0 -57
1308679772.56 00:03:52:8b:2a:60 -80
1308679772.56 00:03:52:8b:2e:a0 -58
1308679772.56 40:4a:03:de:cd:fe -76
1308679772.56 00:03:52:8a:e8:70 -48
